mode: set
eco_points/main.go:9.13,15.2 3 0
eco_points/config/config.go:32.30,35.52 2 0
eco_points/config/config.go:35.52,37.17 2 0
eco_points/config/config.go:37.17,39.4 1 0
eco_points/config/config.go:40.8,42.3 1 0
eco_points/config/config.go:43.2,52.15 10 0
eco_points/config/config.go:55.36,65.16 6 0
eco_points/config/config.go:65.16,67.3 1 0
eco_points/config/config.go:68.2,69.16 2 0
eco_points/config/config.go:69.16,71.3 1 0
eco_points/config/config.go:72.2,72.16 1 0
eco_points/internal/features/exchanges/repository/data.go:41.59,49.2 1 0
eco_points/internal/features/exchanges/repository/data.go:51.56,57.2 1 0
eco_points/internal/features/exchanges/repository/query.go:14.62,18.2 1 0
eco_points/internal/features/exchanges/repository/query.go:20.76,25.73 3 0
eco_points/internal/features/exchanges/repository/query.go:25.73,27.3 1 0
eco_points/internal/features/exchanges/repository/query.go:28.2,28.22 1 0
eco_points/internal/features/exchanges/repository/query.go:28.22,30.3 1 0
eco_points/internal/features/exchanges/repository/query.go:33.2,33.69 1 0
eco_points/internal/features/exchanges/repository/query.go:33.69,35.3 1 0
eco_points/internal/features/exchanges/repository/query.go:36.2,36.47 1 0
eco_points/internal/features/exchanges/repository/query.go:36.47,38.3 1 0
eco_points/internal/features/exchanges/repository/query.go:41.2,48.57 4 0
eco_points/internal/features/exchanges/repository/query.go:48.57,50.3 1 0
eco_points/internal/features/exchanges/repository/query.go:53.2,53.48 1 0
eco_points/internal/features/exchanges/repository/query.go:53.48,55.3 1 0
eco_points/internal/features/exchanges/repository/query.go:56.2,56.50 1 0
eco_points/internal/features/exchanges/repository/query.go:56.50,58.3 1 0
eco_points/internal/features/exchanges/repository/query.go:60.2,60.12 1 0
eco_points/internal/features/locations/handler/location.go:21.112,26.2 1 0
eco_points/internal/features/locations/handler/location.go:28.53,29.36 1 0
eco_points/internal/features/locations/handler/location.go:29.36,34.17 4 0
eco_points/internal/features/locations/handler/location.go:34.17,37.4 2 0
eco_points/internal/features/locations/handler/location.go:39.3,40.17 2 0
eco_points/internal/features/locations/handler/location.go:40.17,43.4 2 0
eco_points/internal/features/locations/handler/location.go:45.3,45.103 1 0
eco_points/internal/features/locations/handler/location.go:49.53,50.36 1 0
eco_points/internal/features/locations/handler/location.go:50.36,54.17 2 0
eco_points/internal/features/locations/handler/location.go:54.17,57.4 2 0
eco_points/internal/features/locations/handler/location.go:59.3,59.20 1 0
eco_points/internal/features/locations/handler/location.go:59.20,62.4 2 0
eco_points/internal/features/locations/handler/location.go:63.3,65.35 2 0
eco_points/internal/features/locations/handler/location.go:65.35,68.4 2 0
eco_points/internal/features/locations/handler/location.go:70.3,71.17 2 0
eco_points/internal/features/locations/handler/location.go:71.17,74.4 2 0
eco_points/internal/features/locations/handler/location.go:76.3,76.105 1 0
eco_points/internal/features/locations/handler/request.go:16.73,28.2 1 0
eco_points/internal/features/locations/handler/response.go:5.64,8.25 2 0
eco_points/internal/features/locations/handler/response.go:8.25,19.3 1 0
eco_points/internal/features/locations/handler/response.go:20.2,20.15 1 0
eco_points/internal/factory/factory.go:36.32,74.2 27 0
eco_points/internal/features/exchanges/service/service.go:12.67,16.2 1 0
eco_points/internal/features/exchanges/service/service.go:18.79,20.16 2 0
eco_points/internal/features/exchanges/service/service.go:20.16,22.3 1 0
eco_points/internal/features/exchanges/service/service.go:23.2,23.12 1 0
eco_points/internal/features/exchanges/handler/exchanges.go:19.98,24.2 1 0
eco_points/internal/features/exchanges/handler/exchanges.go:26.59,27.36 1 0
eco_points/internal/features/exchanges/handler/exchanges.go:27.36,29.18 2 0
eco_points/internal/features/exchanges/handler/exchanges.go:29.18,32.4 2 0
eco_points/internal/features/exchanges/handler/exchanges.go:34.3,35.38 2 0
eco_points/internal/features/exchanges/handler/exchanges.go:35.38,38.4 2 0
eco_points/internal/features/exchanges/handler/exchanges.go:40.3,46.17 3 0
eco_points/internal/features/exchanges/handler/exchanges.go:46.17,49.4 2 0
eco_points/internal/features/exchanges/handler/exchanges.go:51.3,51.123 1 0
eco_points/internal/features/locations/repository/data.go:23.60,34.2 1 0
eco_points/internal/features/locations/repository/data.go:36.68,38.28 2 0
eco_points/internal/features/locations/repository/data.go:38.28,49.3 1 0
eco_points/internal/features/locations/repository/data.go:50.2,50.15 1 0
eco_points/internal/features/locations/repository/query.go:14.58,18.2 1 0
eco_points/internal/features/locations/repository/query.go:20.72,23.16 3 0
eco_points/internal/features/locations/repository/query.go:23.16,26.3 2 0
eco_points/internal/features/locations/repository/query.go:28.2,28.12 1 0
eco_points/internal/features/locations/repository/query.go:32.83,35.22 3 0
eco_points/internal/features/locations/repository/query.go:35.22,38.3 2 0
eco_points/internal/features/locations/repository/query.go:40.2,40.36 1 0
eco_points/internal/features/trashes/handler/request.go:16.62,26.2 1 0
eco_points/internal/features/trashes/handler/response.go:17.66,19.25 2 0
eco_points/internal/features/trashes/handler/response.go:19.25,39.3 2 0
eco_points/internal/features/trashes/handler/response.go:40.2,40.15 1 0
eco_points/internal/features/trashes/handler/trash.go:19.114,24.2 1 0
eco_points/internal/features/trashes/handler/trash.go:26.52,27.36 1 0
eco_points/internal/features/trashes/handler/trash.go:27.36,30.17 3 0
eco_points/internal/features/trashes/handler/trash.go:30.17,33.4 2 0
eco_points/internal/features/trashes/handler/trash.go:35.3,35.17 1 0
eco_points/internal/features/trashes/handler/trash.go:35.17,38.4 2 0
eco_points/internal/features/trashes/handler/trash.go:39.3,40.17 2 0
eco_points/internal/features/trashes/handler/trash.go:40.17,43.4 2 0
eco_points/internal/features/trashes/handler/trash.go:45.3,46.17 2 0
eco_points/internal/features/trashes/handler/trash.go:46.17,49.4 2 0
eco_points/internal/features/trashes/handler/trash.go:51.3,52.17 2 0
eco_points/internal/features/trashes/handler/trash.go:52.17,55.4 2 0
eco_points/internal/features/trashes/handler/trash.go:57.3,57.130 1 0
eco_points/internal/features/trashes/handler/trash.go:62.52,63.36 1 0
eco_points/internal/features/trashes/handler/trash.go:63.36,66.17 3 0
eco_points/internal/features/trashes/handler/trash.go:66.17,69.4 2 0
eco_points/internal/features/trashes/handler/trash.go:70.3,70.116 1 0
eco_points/internal/features/trashes/handler/trash.go:74.55,75.36 1 0
eco_points/internal/features/trashes/handler/trash.go:75.36,78.17 2 0
eco_points/internal/features/trashes/handler/trash.go:78.17,81.4 2 0
eco_points/internal/features/trashes/handler/trash.go:83.3,83.17 1 0
eco_points/internal/features/trashes/handler/trash.go:83.17,86.4 2 0
eco_points/internal/features/trashes/handler/trash.go:87.3,89.17 3 0
eco_points/internal/features/trashes/handler/trash.go:89.17,92.4 2 0
eco_points/internal/features/trashes/handler/trash.go:94.3,95.17 2 0
eco_points/internal/features/trashes/handler/trash.go:95.17,98.4 2 0
eco_points/internal/features/trashes/handler/trash.go:99.3,99.96 1 0
eco_points/internal/features/trashes/handler/trash.go:103.55,104.36 1 0
eco_points/internal/features/trashes/handler/trash.go:104.36,108.17 3 0
eco_points/internal/features/trashes/handler/trash.go:108.17,111.4 2 0
eco_points/internal/features/trashes/handler/trash.go:113.3,113.17 1 0
eco_points/internal/features/trashes/handler/trash.go:113.17,116.4 2 0
eco_points/internal/features/trashes/handler/trash.go:117.3,120.17 3 0
eco_points/internal/features/trashes/handler/trash.go:120.17,123.4 2 0
eco_points/internal/features/trashes/handler/trash.go:124.3,125.17 2 0
eco_points/internal/features/trashes/handler/trash.go:125.17,128.4 2 0
eco_points/internal/features/trashes/handler/trash.go:129.3,130.17 2 0
eco_points/internal/features/trashes/handler/trash.go:130.17,133.4 2 0
eco_points/internal/features/trashes/handler/trash.go:134.3,134.96 1 0
eco_points/internal/features/rewards/repository/data.go:21.50,30.2 1 0
eco_points/internal/features/rewards/repository/data.go:32.48,40.2 1 0
eco_points/internal/features/rewards/repository/query.go:13.57,17.2 1 0
eco_points/internal/features/rewards/repository/query.go:19.66,21.2 1 0
eco_points/internal/features/rewards/repository/query.go:23.87,26.16 3 0
eco_points/internal/features/rewards/repository/query.go:26.16,28.3 1 0
eco_points/internal/features/rewards/repository/query.go:29.2,29.57 1 0
eco_points/internal/features/rewards/repository/query.go:32.58,34.2 1 0
eco_points/internal/features/rewards/repository/query.go:36.77,39.16 3 0
eco_points/internal/features/rewards/repository/query.go:39.16,41.3 1 0
eco_points/internal/features/rewards/repository/query.go:42.2,42.20 1 0
eco_points/internal/features/rewards/repository/query.go:45.92,51.16 4 0
eco_points/internal/features/rewards/repository/query.go:51.16,53.3 1 0
eco_points/internal/features/rewards/repository/query.go:56.2,57.16 2 0
eco_points/internal/features/rewards/repository/query.go:57.16,59.3 1 0
eco_points/internal/features/rewards/repository/query.go:62.2,63.37 2 0
eco_points/internal/features/rewards/repository/query.go:63.37,65.3 1 0
eco_points/internal/features/rewards/repository/query.go:67.2,67.46 1 0
eco_points/internal/features/rewards/service/service.go:15.95,20.2 1 0
eco_points/internal/features/rewards/service/service.go:22.106,25.16 2 0
eco_points/internal/features/rewards/service/service.go:25.16,27.3 1 0
eco_points/internal/features/rewards/service/service.go:28.2,31.16 3 0
eco_points/internal/features/rewards/service/service.go:31.16,33.3 1 0
eco_points/internal/features/rewards/service/service.go:34.2,34.12 1 0
eco_points/internal/features/rewards/service/service.go:37.128,38.16 1 0
eco_points/internal/features/rewards/service/service.go:38.16,41.17 2 0
eco_points/internal/features/rewards/service/service.go:41.17,43.4 1 0
eco_points/internal/features/rewards/service/service.go:44.3,44.33 1 0
eco_points/internal/features/rewards/service/service.go:47.2,48.16 2 0
eco_points/internal/features/rewards/service/service.go:48.16,50.3 1 0
eco_points/internal/features/rewards/service/service.go:51.2,51.12 1 0
eco_points/internal/features/rewards/service/service.go:54.61,56.16 2 0
eco_points/internal/features/rewards/service/service.go:56.16,58.3 1 0
eco_points/internal/features/rewards/service/service.go:59.2,59.12 1 0
eco_points/internal/features/rewards/service/service.go:62.80,64.16 2 0
eco_points/internal/features/rewards/service/service.go:64.16,66.3 1 0
eco_points/internal/features/rewards/service/service.go:67.2,67.20 1 0
eco_points/internal/features/rewards/service/service.go:70.95,72.16 2 0
eco_points/internal/features/rewards/service/service.go:72.16,74.3 1 0
eco_points/internal/features/rewards/service/service.go:75.2,75.33 1 0
eco_points/internal/features/rewards/handler/request.go:13.85,21.2 1 0
eco_points/internal/features/rewards/handler/response.go:14.56,23.2 1 0
eco_points/internal/features/rewards/handler/response.go:25.67,27.33 2 0
eco_points/internal/features/rewards/handler/response.go:27.33,29.3 1 0
eco_points/internal/features/rewards/handler/response.go:30.2,30.18 1 0
eco_points/internal/features/rewards/handler/rewards.go:21.90,26.2 1 0
eco_points/internal/features/rewards/handler/rewards.go:28.55,29.36 1 0
eco_points/internal/features/rewards/handler/rewards.go:29.36,31.18 2 0
eco_points/internal/features/rewards/handler/rewards.go:31.18,34.4 2 0
eco_points/internal/features/rewards/handler/rewards.go:37.3,38.17 2 0
eco_points/internal/features/rewards/handler/rewards.go:38.17,41.4 2 0
eco_points/internal/features/rewards/handler/rewards.go:44.3,45.17 2 0
eco_points/internal/features/rewards/handler/rewards.go:45.17,48.4 2 0
eco_points/internal/features/rewards/handler/rewards.go:49.3,54.17 4 0
eco_points/internal/features/rewards/handler/rewards.go:54.17,57.4 2 0
eco_points/internal/features/rewards/handler/rewards.go:60.3,64.17 3 0
eco_points/internal/features/rewards/handler/rewards.go:64.17,67.4 2 0
eco_points/internal/features/rewards/handler/rewards.go:69.3,69.121 1 0
eco_points/internal/features/rewards/handler/rewards.go:73.58,74.36 1 0
eco_points/internal/features/rewards/handler/rewards.go:74.36,76.18 2 0
eco_points/internal/features/rewards/handler/rewards.go:76.18,79.4 2 0
eco_points/internal/features/rewards/handler/rewards.go:82.3,84.17 3 0
eco_points/internal/features/rewards/handler/rewards.go:84.17,87.4 2 0
eco_points/internal/features/rewards/handler/rewards.go:90.3,93.17 4 0
eco_points/internal/features/rewards/handler/rewards.go:93.17,95.18 2 0
eco_points/internal/features/rewards/handler/rewards.go:95.18,98.5 2 0
eco_points/internal/features/rewards/handler/rewards.go:99.4,100.29 2 0
eco_points/internal/features/rewards/handler/rewards.go:104.3,106.17 3 0
eco_points/internal/features/rewards/handler/rewards.go:106.17,109.4 2 0
eco_points/internal/features/rewards/handler/rewards.go:112.3,116.17 3 0
eco_points/internal/features/rewards/handler/rewards.go:116.17,119.4 2 0
eco_points/internal/features/rewards/handler/rewards.go:121.3,121.121 1 0
eco_points/internal/features/rewards/handler/rewards.go:125.58,126.36 1 0
eco_points/internal/features/rewards/handler/rewards.go:126.36,128.18 2 0
eco_points/internal/features/rewards/handler/rewards.go:128.18,131.4 2 0
eco_points/internal/features/rewards/handler/rewards.go:134.3,136.17 3 0
eco_points/internal/features/rewards/handler/rewards.go:136.17,139.4 2 0
eco_points/internal/features/rewards/handler/rewards.go:142.3,143.17 2 0
eco_points/internal/features/rewards/handler/rewards.go:143.17,146.4 2 0
eco_points/internal/features/rewards/handler/rewards.go:148.3,148.121 1 0
eco_points/internal/features/rewards/handler/rewards.go:152.59,153.36 1 0
eco_points/internal/features/rewards/handler/rewards.go:153.36,157.17 3 0
eco_points/internal/features/rewards/handler/rewards.go:157.17,160.4 2 0
eco_points/internal/features/rewards/handler/rewards.go:163.3,164.17 2 0
eco_points/internal/features/rewards/handler/rewards.go:164.17,167.4 2 0
eco_points/internal/features/rewards/handler/rewards.go:169.3,171.134 2 0
eco_points/internal/features/rewards/handler/rewards.go:175.59,176.36 1 0
eco_points/internal/features/rewards/handler/rewards.go:176.36,178.31 2 0
eco_points/internal/features/rewards/handler/rewards.go:178.31,180.4 1 0
eco_points/internal/features/rewards/handler/rewards.go:182.3,183.31 2 0
eco_points/internal/features/rewards/handler/rewards.go:183.31,185.4 1 0
eco_points/internal/features/rewards/handler/rewards.go:187.3,188.17 2 0
eco_points/internal/features/rewards/handler/rewards.go:188.17,190.4 1 0
eco_points/internal/features/rewards/handler/rewards.go:192.3,200.141 3 0
eco_points/internal/features/trashes/repository/data.go:23.51,25.16 2 0
eco_points/internal/features/trashes/repository/data.go:25.16,27.3 1 0
eco_points/internal/features/trashes/repository/data.go:28.2,35.3 1 0
eco_points/internal/features/trashes/repository/data.go:38.61,40.25 2 0
eco_points/internal/features/trashes/repository/data.go:40.25,60.3 2 0
eco_points/internal/features/trashes/repository/data.go:61.2,61.15 1 0
eco_points/internal/features/trashes/repository/query.go:18.66,22.2 1 0
eco_points/internal/features/trashes/repository/query.go:24.42,30.2 5 0
eco_points/internal/features/trashes/repository/query.go:32.64,35.16 3 0
eco_points/internal/features/trashes/repository/query.go:35.16,38.3 2 0
eco_points/internal/features/trashes/repository/query.go:39.2,39.12 1 0
eco_points/internal/features/trashes/repository/query.go:42.84,45.16 3 0
eco_points/internal/features/trashes/repository/query.go:45.16,48.3 2 0
eco_points/internal/features/trashes/repository/query.go:49.2,49.37 1 0
eco_points/internal/features/trashes/repository/query.go:52.71,55.16 3 0
eco_points/internal/features/trashes/repository/query.go:55.16,58.3 2 0
eco_points/internal/features/trashes/repository/query.go:59.2,59.37 1 0
eco_points/internal/features/trashes/repository/query.go:62.49,64.16 2 0
eco_points/internal/features/trashes/repository/query.go:64.16,67.3 2 0
eco_points/internal/features/trashes/repository/query.go:68.2,68.12 1 0
eco_points/internal/features/trashes/repository/query.go:71.75,74.26 2 0
eco_points/internal/features/trashes/repository/query.go:74.26,76.3 1 0
eco_points/internal/features/trashes/repository/query.go:78.2,78.21 1 0
eco_points/internal/features/trashes/repository/query.go:78.21,80.3 1 0
eco_points/internal/features/trashes/repository/query.go:82.2,82.22 1 0
eco_points/internal/features/trashes/repository/query.go:82.22,84.17 2 0
eco_points/internal/features/trashes/repository/query.go:84.17,86.4 1 0
eco_points/internal/features/trashes/repository/query.go:87.3,87.58 1 0
eco_points/internal/features/trashes/repository/query.go:90.2,90.24 1 0
eco_points/internal/features/trashes/repository/query.go:90.24,92.3 1 0
eco_points/internal/features/trashes/repository/query.go:94.2,98.16 4 0
eco_points/internal/features/trashes/repository/query.go:98.16,101.3 2 0
eco_points/internal/features/trashes/repository/query.go:104.2,104.12 1 0
eco_points/internal/features/locations/service/service.go:12.81,16.2 1 1
eco_points/internal/features/locations/service/service.go:18.74,20.16 2 1
eco_points/internal/features/locations/service/service.go:20.16,23.3 2 1
eco_points/internal/features/locations/service/service.go:24.2,24.12 1 1
eco_points/internal/features/locations/service/service.go:27.85,31.16 4 1
eco_points/internal/features/locations/service/service.go:31.16,34.3 2 0
eco_points/internal/features/locations/service/service.go:36.2,36.20 1 1
eco_points/mocks/CloudinaryUtilityInterface.go:17.107,20.19 2 0
eco_points/mocks/CloudinaryUtilityInterface.go:20.19,21.60 1 0
eco_points/mocks/CloudinaryUtilityInterface.go:24.2,26.72 3 0
eco_points/mocks/CloudinaryUtilityInterface.go:26.72,28.3 1 0
eco_points/mocks/CloudinaryUtilityInterface.go:29.2,29.63 1 0
eco_points/mocks/CloudinaryUtilityInterface.go:29.63,31.3 1 0
eco_points/mocks/CloudinaryUtilityInterface.go:31.8,33.3 1 0
eco_points/mocks/CloudinaryUtilityInterface.go:35.2,35.62 1 0
eco_points/mocks/CloudinaryUtilityInterface.go:35.62,37.3 1 0
eco_points/mocks/CloudinaryUtilityInterface.go:37.8,39.3 1 0
eco_points/mocks/CloudinaryUtilityInterface.go:41.2,41.15 1 0
eco_points/mocks/CloudinaryUtilityInterface.go:49.32,53.19 3 0
eco_points/mocks/CloudinaryUtilityInterface.go:53.19,53.49 1 0
eco_points/mocks/CloudinaryUtilityInterface.go:55.2,55.13 1 0
eco_points/mocks/ExHandler.go:17.53,20.19 2 0
eco_points/mocks/ExHandler.go:20.19,21.53 1 0
eco_points/mocks/ExHandler.go:24.2,25.56 2 0
eco_points/mocks/ExHandler.go:25.56,27.3 1 0
eco_points/mocks/ExHandler.go:27.8,28.24 1 0
eco_points/mocks/ExHandler.go:28.24,30.4 1 0
eco_points/mocks/ExHandler.go:33.2,33.11 1 0
eco_points/mocks/ExHandler.go:41.15,45.19 3 0
eco_points/mocks/ExHandler.go:45.19,45.49 1 0
eco_points/mocks/ExHandler.go:47.2,47.13 1 0
eco_points/mocks/ExQuery.go:17.70,20.19 2 0
eco_points/mocks/ExQuery.go:20.19,21.53 1 0
eco_points/mocks/ExQuery.go:24.2,25.63 2 0
eco_points/mocks/ExQuery.go:25.63,27.3 1 0
eco_points/mocks/ExQuery.go:27.8,29.3 1 0
eco_points/mocks/ExQuery.go:31.2,31.11 1 0
eco_points/mocks/ExQuery.go:39.13,43.19 3 0
eco_points/mocks/ExQuery.go:43.19,43.49 1 0
eco_points/mocks/ExQuery.go:45.2,45.13 1 0
eco_points/mocks/ExServices.go:17.73,20.19 2 0
eco_points/mocks/ExServices.go:20.19,21.53 1 0
eco_points/mocks/ExServices.go:24.2,25.63 2 0
eco_points/mocks/ExServices.go:25.63,27.3 1 0
eco_points/mocks/ExServices.go:27.8,29.3 1 0
eco_points/mocks/ExServices.go:31.2,31.11 1 0
eco_points/mocks/ExServices.go:39.16,43.19 3 0
eco_points/mocks/ExServices.go:43.19,43.49 1 0
eco_points/mocks/ExServices.go:45.2,45.13 1 0
eco_points/mocks/Handler.go:16.50,19.19 2 0
eco_points/mocks/Handler.go:19.19,20.52 1 0
eco_points/mocks/Handler.go:23.2,24.56 2 0
eco_points/mocks/Handler.go:24.56,26.3 1 0
eco_points/mocks/Handler.go:26.8,27.24 1 0
eco_points/mocks/Handler.go:27.24,29.4 1 0
eco_points/mocks/Handler.go:32.2,32.11 1 0
eco_points/mocks/Handler.go:36.47,39.19 2 0
eco_points/mocks/Handler.go:39.19,40.49 1 0
eco_points/mocks/Handler.go:43.2,44.56 2 0
eco_points/mocks/Handler.go:44.56,46.3 1 0
eco_points/mocks/Handler.go:46.8,47.24 1 0
eco_points/mocks/Handler.go:47.24,49.4 1 0
eco_points/mocks/Handler.go:52.2,52.11 1 0
eco_points/mocks/Handler.go:56.45,59.19 2 0
eco_points/mocks/Handler.go:59.19,60.47 1 0
eco_points/mocks/Handler.go:63.2,64.56 2 0
eco_points/mocks/Handler.go:64.56,66.3 1 0
eco_points/mocks/Handler.go:66.8,67.24 1 0
eco_points/mocks/Handler.go:67.24,69.4 1 0
eco_points/mocks/Handler.go:72.2,72.11 1 0
eco_points/mocks/Handler.go:76.48,79.19 2 0
eco_points/mocks/Handler.go:79.19,80.50 1 0
eco_points/mocks/Handler.go:83.2,84.56 2 0
eco_points/mocks/Handler.go:84.56,86.3 1 0
eco_points/mocks/Handler.go:86.8,87.24 1 0
eco_points/mocks/Handler.go:87.24,89.4 1 0
eco_points/mocks/Handler.go:92.2,92.11 1 0
eco_points/mocks/Handler.go:96.50,99.19 2 0
eco_points/mocks/Handler.go:99.19,100.52 1 0
eco_points/mocks/Handler.go:103.2,104.56 2 0
eco_points/mocks/Handler.go:104.56,106.3 1 0
eco_points/mocks/Handler.go:106.8,107.24 1 0
eco_points/mocks/Handler.go:107.24,109.4 1 0
eco_points/mocks/Handler.go:112.2,112.11 1 0
eco_points/mocks/Handler.go:120.13,124.19 3 0
eco_points/mocks/Handler.go:124.19,124.49 1 0
eco_points/mocks/Handler.go:126.2,126.13 1 0
eco_points/mocks/HandlerDepoInterface.go:16.65,19.19 2 0
eco_points/mocks/HandlerDepoInterface.go:19.19,20.54 1 0
eco_points/mocks/HandlerDepoInterface.go:23.2,24.56 2 0
eco_points/mocks/HandlerDepoInterface.go:24.56,26.3 1 0
eco_points/mocks/HandlerDepoInterface.go:26.8,27.24 1 0
eco_points/mocks/HandlerDepoInterface.go:27.24,29.4 1 0
eco_points/mocks/HandlerDepoInterface.go:32.2,32.11 1 0
eco_points/mocks/HandlerDepoInterface.go:36.67,39.19 2 0
eco_points/mocks/HandlerDepoInterface.go:39.19,40.56 1 0
eco_points/mocks/HandlerDepoInterface.go:43.2,44.56 2 0
eco_points/mocks/HandlerDepoInterface.go:44.56,46.3 1 0
eco_points/mocks/HandlerDepoInterface.go:46.8,47.24 1 0
eco_points/mocks/HandlerDepoInterface.go:47.24,49.4 1 0
eco_points/mocks/HandlerDepoInterface.go:52.2,52.11 1 0
eco_points/mocks/HandlerDepoInterface.go:56.67,59.19 2 0
eco_points/mocks/HandlerDepoInterface.go:59.19,60.56 1 0
eco_points/mocks/HandlerDepoInterface.go:63.2,64.56 2 0
eco_points/mocks/HandlerDepoInterface.go:64.56,66.3 1 0
eco_points/mocks/HandlerDepoInterface.go:66.8,67.24 1 0
eco_points/mocks/HandlerDepoInterface.go:67.24,69.4 1 0
eco_points/mocks/HandlerDepoInterface.go:72.2,72.11 1 0
eco_points/mocks/HandlerDepoInterface.go:76.77,79.19 2 0
eco_points/mocks/HandlerDepoInterface.go:79.19,80.66 1 0
eco_points/mocks/HandlerDepoInterface.go:83.2,84.56 2 0
eco_points/mocks/HandlerDepoInterface.go:84.56,86.3 1 0
eco_points/mocks/HandlerDepoInterface.go:86.8,87.24 1 0
eco_points/mocks/HandlerDepoInterface.go:87.24,89.4 1 0
eco_points/mocks/HandlerDepoInterface.go:92.2,92.11 1 0
eco_points/mocks/HandlerDepoInterface.go:100.26,104.19 3 0
eco_points/mocks/HandlerDepoInterface.go:104.19,104.49 1 0
eco_points/mocks/HandlerDepoInterface.go:106.2,106.13 1 0
eco_points/mocks/HandlerInterface.go:16.57,19.19 2 0
eco_points/mocks/HandlerInterface.go:19.19,20.50 1 0
eco_points/mocks/HandlerInterface.go:23.2,24.56 2 0
eco_points/mocks/HandlerInterface.go:24.56,26.3 1 0
eco_points/mocks/HandlerInterface.go:26.8,27.24 1 0
eco_points/mocks/HandlerInterface.go:27.24,29.4 1 0
eco_points/mocks/HandlerInterface.go:32.2,32.11 1 0
eco_points/mocks/HandlerInterface.go:40.22,44.19 3 0
eco_points/mocks/HandlerInterface.go:44.19,44.49 1 0
eco_points/mocks/HandlerInterface.go:46.2,46.13 1 0
eco_points/mocks/HandlerLocInterface.go:17.63,20.19 2 0
eco_points/mocks/HandlerLocInterface.go:20.19,21.53 1 0
eco_points/mocks/HandlerLocInterface.go:24.2,25.56 2 0
eco_points/mocks/HandlerLocInterface.go:25.56,27.3 1 0
eco_points/mocks/HandlerLocInterface.go:27.8,28.24 1 0
eco_points/mocks/HandlerLocInterface.go:28.24,30.4 1 0
eco_points/mocks/HandlerLocInterface.go:33.2,33.11 1 0
eco_points/mocks/HandlerLocInterface.go:37.63,40.19 2 0
eco_points/mocks/HandlerLocInterface.go:40.19,41.53 1 0
eco_points/mocks/HandlerLocInterface.go:44.2,45.56 2 0
eco_points/mocks/HandlerLocInterface.go:45.56,47.3 1 0
eco_points/mocks/HandlerLocInterface.go:47.8,48.24 1 0
eco_points/mocks/HandlerLocInterface.go:48.24,50.4 1 0
eco_points/mocks/HandlerLocInterface.go:53.2,53.11 1 0
eco_points/mocks/HandlerLocInterface.go:61.25,65.19 3 0
eco_points/mocks/HandlerLocInterface.go:65.19,65.49 1 0
eco_points/mocks/HandlerLocInterface.go:67.2,67.13 1 0
eco_points/mocks/HandlerTrashInterface.go:16.62,19.19 2 0
eco_points/mocks/HandlerTrashInterface.go:19.19,20.50 1 0
eco_points/mocks/HandlerTrashInterface.go:23.2,24.56 2 0
eco_points/mocks/HandlerTrashInterface.go:24.56,26.3 1 0
eco_points/mocks/HandlerTrashInterface.go:26.8,27.24 1 0
eco_points/mocks/HandlerTrashInterface.go:27.24,29.4 1 0
eco_points/mocks/HandlerTrashInterface.go:32.2,32.11 1 0
eco_points/mocks/HandlerTrashInterface.go:36.65,39.19 2 0
eco_points/mocks/HandlerTrashInterface.go:39.19,40.53 1 0
eco_points/mocks/HandlerTrashInterface.go:43.2,44.56 2 0
eco_points/mocks/HandlerTrashInterface.go:44.56,46.3 1 0
eco_points/mocks/HandlerTrashInterface.go:46.8,47.24 1 0
eco_points/mocks/HandlerTrashInterface.go:47.24,49.4 1 0
eco_points/mocks/HandlerTrashInterface.go:52.2,52.11 1 0
eco_points/mocks/HandlerTrashInterface.go:56.62,59.19 2 0
eco_points/mocks/HandlerTrashInterface.go:59.19,60.50 1 0
eco_points/mocks/HandlerTrashInterface.go:63.2,64.56 2 0
eco_points/mocks/HandlerTrashInterface.go:64.56,66.3 1 0
eco_points/mocks/HandlerTrashInterface.go:66.8,67.24 1 0
eco_points/mocks/HandlerTrashInterface.go:67.24,69.4 1 0
eco_points/mocks/HandlerTrashInterface.go:72.2,72.11 1 0
eco_points/mocks/HandlerTrashInterface.go:76.65,79.19 2 0
eco_points/mocks/HandlerTrashInterface.go:79.19,80.53 1 0
eco_points/mocks/HandlerTrashInterface.go:83.2,84.56 2 0
eco_points/mocks/HandlerTrashInterface.go:84.56,86.3 1 0
eco_points/mocks/HandlerTrashInterface.go:86.8,87.24 1 0
eco_points/mocks/HandlerTrashInterface.go:87.24,89.4 1 0
eco_points/mocks/HandlerTrashInterface.go:92.2,92.11 1 0
eco_points/mocks/HandlerTrashInterface.go:100.27,104.19 3 0
eco_points/mocks/HandlerTrashInterface.go:104.19,104.49 1 0
eco_points/mocks/HandlerTrashInterface.go:106.2,106.13 1 0
eco_points/mocks/JwtUtilityInterface.go:18.69,21.19 2 0
eco_points/mocks/JwtUtilityInterface.go:21.19,22.52 1 0
eco_points/mocks/JwtUtilityInterface.go:25.2,26.57 2 0
eco_points/mocks/JwtUtilityInterface.go:26.57,28.3 1 0
eco_points/mocks/JwtUtilityInterface.go:28.8,30.3 1 0
eco_points/mocks/JwtUtilityInterface.go:32.2,32.11 1 0
eco_points/mocks/JwtUtilityInterface.go:36.75,39.19 2 0
eco_points/mocks/JwtUtilityInterface.go:39.19,40.54 1 0
eco_points/mocks/JwtUtilityInterface.go:43.2,45.65 3 0
eco_points/mocks/JwtUtilityInterface.go:45.65,47.3 1 0
eco_points/mocks/JwtUtilityInterface.go:48.2,48.56 1 0
eco_points/mocks/JwtUtilityInterface.go:48.56,50.3 1 0
eco_points/mocks/JwtUtilityInterface.go:50.8,52.3 1 0
eco_points/mocks/JwtUtilityInterface.go:54.2,54.57 1 0
eco_points/mocks/JwtUtilityInterface.go:54.57,56.3 1 0
eco_points/mocks/JwtUtilityInterface.go:56.8,58.3 1 0
eco_points/mocks/JwtUtilityInterface.go:60.2,60.15 1 0
eco_points/mocks/JwtUtilityInterface.go:64.69,67.19 2 0
eco_points/mocks/JwtUtilityInterface.go:67.19,68.53 1 0
eco_points/mocks/JwtUtilityInterface.go:71.2,73.59 3 0
eco_points/mocks/JwtUtilityInterface.go:73.59,75.3 1 0
eco_points/mocks/JwtUtilityInterface.go:76.2,76.50 1 0
eco_points/mocks/JwtUtilityInterface.go:76.50,78.3 1 0
eco_points/mocks/JwtUtilityInterface.go:78.8,80.3 1 0
eco_points/mocks/JwtUtilityInterface.go:82.2,82.49 1 0
eco_points/mocks/JwtUtilityInterface.go:82.49,84.3 1 0
eco_points/mocks/JwtUtilityInterface.go:84.8,86.3 1 0
eco_points/mocks/JwtUtilityInterface.go:88.2,88.15 1 0
eco_points/mocks/JwtUtilityInterface.go:96.25,100.19 3 0
eco_points/mocks/JwtUtilityInterface.go:100.19,100.49 1 0
eco_points/mocks/JwtUtilityInterface.go:102.2,102.13 1 0
eco_points/mocks/PassUtilInterface.go:13.76,16.19 2 0
eco_points/mocks/PassUtilInterface.go:16.19,17.57 1 0
eco_points/mocks/PassUtilInterface.go:20.2,21.59 2 0
eco_points/mocks/PassUtilInterface.go:21.59,23.3 1 0
eco_points/mocks/PassUtilInterface.go:23.8,25.3 1 0
eco_points/mocks/PassUtilInterface.go:27.2,27.11 1 0
eco_points/mocks/PassUtilInterface.go:31.75,34.19 2 0
eco_points/mocks/PassUtilInterface.go:34.19,35.58 1 0
eco_points/mocks/PassUtilInterface.go:38.2,40.61 3 0
eco_points/mocks/PassUtilInterface.go:40.61,42.3 1 0
eco_points/mocks/PassUtilInterface.go:43.2,43.52 1 0
eco_points/mocks/PassUtilInterface.go:43.52,45.3 1 0
eco_points/mocks/PassUtilInterface.go:45.8,46.24 1 0
eco_points/mocks/PassUtilInterface.go:46.24,48.4 1 0
eco_points/mocks/PassUtilInterface.go:51.2,51.51 1 0
eco_points/mocks/PassUtilInterface.go:51.51,53.3 1 0
eco_points/mocks/PassUtilInterface.go:53.8,55.3 1 0
eco_points/mocks/PassUtilInterface.go:57.2,57.15 1 0
eco_points/mocks/PassUtilInterface.go:65.23,69.19 3 0
eco_points/mocks/PassUtilInterface.go:69.19,69.49 1 0
eco_points/mocks/PassUtilInterface.go:71.2,71.13 1 0
eco_points/mocks/Query.go:17.44,20.19 2 0
eco_points/mocks/Query.go:20.19,21.52 1 0
eco_points/mocks/Query.go:24.2,25.49 2 0
eco_points/mocks/Query.go:25.49,27.3 1 0
eco_points/mocks/Query.go:27.8,29.3 1 0
eco_points/mocks/Query.go:31.2,31.11 1 0
eco_points/mocks/Query.go:35.55,38.19 2 0
eco_points/mocks/Query.go:38.19,39.49 1 0
eco_points/mocks/Query.go:42.2,44.63 3 0
eco_points/mocks/Query.go:44.63,46.3 1 0
eco_points/mocks/Query.go:47.2,47.54 1 0
eco_points/mocks/Query.go:47.54,49.3 1 0
eco_points/mocks/Query.go:49.8,51.3 1 0
eco_points/mocks/Query.go:53.2,53.49 1 0
eco_points/mocks/Query.go:53.49,55.3 1 0
eco_points/mocks/Query.go:55.8,57.3 1 0
eco_points/mocks/Query.go:59.2,59.15 1 0
eco_points/mocks/Query.go:63.58,66.19 2 0
eco_points/mocks/Query.go:66.19,67.47 1 0
eco_points/mocks/Query.go:70.2,72.65 3 0
eco_points/mocks/Query.go:72.65,74.3 1 0
eco_points/mocks/Query.go:75.2,75.56 1 0
eco_points/mocks/Query.go:75.56,77.3 1 0
eco_points/mocks/Query.go:77.8,79.3 1 0
eco_points/mocks/Query.go:81.2,81.51 1 0
eco_points/mocks/Query.go:81.51,83.3 1 0
eco_points/mocks/Query.go:83.8,85.3 1 0
eco_points/mocks/Query.go:87.2,87.15 1 0
eco_points/mocks/Query.go:91.54,94.19 2 0
eco_points/mocks/Query.go:94.19,95.50 1 0
eco_points/mocks/Query.go:98.2,99.55 2 0
eco_points/mocks/Query.go:99.55,101.3 1 0
eco_points/mocks/Query.go:101.8,103.3 1 0
eco_points/mocks/Query.go:105.2,105.11 1 0
eco_points/mocks/Query.go:109.67,112.19 2 0
eco_points/mocks/Query.go:112.19,113.52 1 0
eco_points/mocks/Query.go:116.2,117.61 2 0
eco_points/mocks/Query.go:117.61,119.3 1 0
eco_points/mocks/Query.go:119.8,121.3 1 0
eco_points/mocks/Query.go:123.2,123.11 1 0
eco_points/mocks/Query.go:131.11,135.19 3 0
eco_points/mocks/Query.go:135.19,135.49 1 0
eco_points/mocks/Query.go:137.2,137.13 1 0
eco_points/mocks/QueryDepoInterface.go:17.87,20.19 2 0
eco_points/mocks/QueryDepoInterface.go:20.19,21.54 1 0
eco_points/mocks/QueryDepoInterface.go:24.2,25.75 2 0
eco_points/mocks/QueryDepoInterface.go:25.75,27.3 1 0
eco_points/mocks/QueryDepoInterface.go:27.8,29.3 1 0
eco_points/mocks/QueryDepoInterface.go:31.2,31.11 1 0
eco_points/mocks/QueryDepoInterface.go:35.103,38.19 2 0
eco_points/mocks/QueryDepoInterface.go:38.19,39.56 1 0
eco_points/mocks/QueryDepoInterface.go:42.2,44.83 3 0
eco_points/mocks/QueryDepoInterface.go:44.83,46.3 1 0
eco_points/mocks/QueryDepoInterface.go:47.2,47.74 1 0
eco_points/mocks/QueryDepoInterface.go:47.74,49.3 1 0
eco_points/mocks/QueryDepoInterface.go:49.8,51.3 1 0
eco_points/mocks/QueryDepoInterface.go:53.2,53.49 1 0
eco_points/mocks/QueryDepoInterface.go:53.49,55.3 1 0
eco_points/mocks/QueryDepoInterface.go:55.8,57.3 1 0
eco_points/mocks/QueryDepoInterface.go:59.2,59.15 1 0
eco_points/mocks/QueryDepoInterface.go:63.139,66.19 2 0
eco_points/mocks/QueryDepoInterface.go:66.19,67.56 1 0
eco_points/mocks/QueryDepoInterface.go:70.2,72.105 3 0
eco_points/mocks/QueryDepoInterface.go:72.105,74.3 1 0
eco_points/mocks/QueryDepoInterface.go:75.2,75.96 1 0
eco_points/mocks/QueryDepoInterface.go:75.96,77.3 1 0
eco_points/mocks/QueryDepoInterface.go:77.8,78.24 1 0
eco_points/mocks/QueryDepoInterface.go:78.24,80.4 1 0
eco_points/mocks/QueryDepoInterface.go:83.2,83.67 1 0
eco_points/mocks/QueryDepoInterface.go:83.67,85.3 1 0
eco_points/mocks/QueryDepoInterface.go:85.8,87.3 1 0
eco_points/mocks/QueryDepoInterface.go:89.2,89.15 1 0
eco_points/mocks/QueryDepoInterface.go:93.58,95.2 1 0
eco_points/mocks/QueryDepoInterface.go:98.92,101.19 2 0
eco_points/mocks/QueryDepoInterface.go:101.19,102.66 1 0
eco_points/mocks/QueryDepoInterface.go:105.2,106.57 2 0
eco_points/mocks/QueryDepoInterface.go:106.57,108.3 1 0
eco_points/mocks/QueryDepoInterface.go:108.8,110.3 1 0
eco_points/mocks/QueryDepoInterface.go:112.2,112.11 1 0
eco_points/mocks/QueryDepoInterface.go:120.24,124.19 3 0
eco_points/mocks/QueryDepoInterface.go:124.19,124.49 1 0
eco_points/mocks/QueryDepoInterface.go:126.2,126.13 1 0
eco_points/mocks/QueryInterface.go:17.83,20.19 2 0
eco_points/mocks/QueryInterface.go:20.19,21.54 1 0
eco_points/mocks/QueryInterface.go:24.2,25.75 2 0
eco_points/mocks/QueryInterface.go:25.75,27.3 1 0
eco_points/mocks/QueryInterface.go:27.8,29.3 1 0
eco_points/mocks/QueryInterface.go:31.2,31.11 1 0
eco_points/mocks/QueryInterface.go:35.120,38.19 2 0
eco_points/mocks/QueryInterface.go:38.19,39.56 1 0
eco_points/mocks/QueryInterface.go:42.2,44.99 3 0
eco_points/mocks/QueryInterface.go:44.99,46.3 1 0
eco_points/mocks/QueryInterface.go:47.2,47.90 1 0
eco_points/mocks/QueryInterface.go:47.90,49.3 1 0
eco_points/mocks/QueryInterface.go:49.8,50.24 1 0
eco_points/mocks/QueryInterface.go:50.24,52.4 1 0
eco_points/mocks/QueryInterface.go:55.2,55.61 1 0
eco_points/mocks/QueryInterface.go:55.61,57.3 1 0
eco_points/mocks/QueryInterface.go:57.8,59.3 1 0
eco_points/mocks/QueryInterface.go:61.2,61.15 1 0
eco_points/mocks/QueryInterface.go:65.54,67.2 1 0
eco_points/mocks/QueryInterface.go:70.88,73.19 2 0
eco_points/mocks/QueryInterface.go:73.19,74.66 1 0
eco_points/mocks/QueryInterface.go:77.2,78.57 2 0
eco_points/mocks/QueryInterface.go:78.57,80.3 1 0
eco_points/mocks/QueryInterface.go:80.8,82.3 1 0
eco_points/mocks/QueryInterface.go:84.2,84.11 1 0
eco_points/mocks/QueryInterface.go:92.20,96.19 3 0
eco_points/mocks/QueryInterface.go:96.19,96.49 1 0
eco_points/mocks/QueryInterface.go:98.2,98.13 1 0
eco_points/mocks/QueryLocInterface.go:17.82,20.19 2 1
eco_points/mocks/QueryLocInterface.go:20.19,21.53 1 0
eco_points/mocks/QueryLocInterface.go:24.2,25.72 2 1
eco_points/mocks/QueryLocInterface.go:25.72,27.3 1 0
eco_points/mocks/QueryLocInterface.go:27.8,29.3 1 1
eco_points/mocks/QueryLocInterface.go:31.2,31.11 1 1
eco_points/mocks/QueryLocInterface.go:35.93,38.19 2 1
eco_points/mocks/QueryLocInterface.go:38.19,39.53 1 0
eco_points/mocks/QueryLocInterface.go:42.2,44.82 3 1
eco_points/mocks/QueryLocInterface.go:44.82,46.3 1 0
eco_points/mocks/QueryLocInterface.go:47.2,47.73 1 1
eco_points/mocks/QueryLocInterface.go:47.73,49.3 1 0
eco_points/mocks/QueryLocInterface.go:49.8,50.24 1 1
eco_points/mocks/QueryLocInterface.go:50.24,52.4 1 1
eco_points/mocks/QueryLocInterface.go:55.2,55.49 1 1
eco_points/mocks/QueryLocInterface.go:55.49,57.3 1 0
eco_points/mocks/QueryLocInterface.go:57.8,59.3 1 1
eco_points/mocks/QueryLocInterface.go:61.2,61.15 1 1
eco_points/mocks/QueryLocInterface.go:69.23,73.19 3 1
eco_points/mocks/QueryLocInterface.go:73.19,73.49 1 1
eco_points/mocks/QueryLocInterface.go:75.2,75.13 1 1
eco_points/mocks/QueryTrashInterface.go:17.74,20.19 2 0
eco_points/mocks/QueryTrashInterface.go:20.19,21.50 1 0
eco_points/mocks/QueryTrashInterface.go:24.2,25.64 2 0
eco_points/mocks/QueryTrashInterface.go:25.64,27.3 1 0
eco_points/mocks/QueryTrashInterface.go:27.8,29.3 1 0
eco_points/mocks/QueryTrashInterface.go:31.2,31.11 1 0
eco_points/mocks/QueryTrashInterface.go:35.59,38.19 2 0
eco_points/mocks/QueryTrashInterface.go:38.19,39.53 1 0
eco_points/mocks/QueryTrashInterface.go:42.2,43.49 2 0
eco_points/mocks/QueryTrashInterface.go:43.49,45.3 1 0
eco_points/mocks/QueryTrashInterface.go:45.8,47.3 1 0
eco_points/mocks/QueryTrashInterface.go:49.2,49.11 1 0
eco_points/mocks/QueryTrashInterface.go:53.81,56.19 2 0
eco_points/mocks/QueryTrashInterface.go:56.19,57.55 1 0
eco_points/mocks/QueryTrashInterface.go:60.2,62.72 3 0
eco_points/mocks/QueryTrashInterface.go:62.72,64.3 1 0
eco_points/mocks/QueryTrashInterface.go:65.2,65.63 1 0
eco_points/mocks/QueryTrashInterface.go:65.63,67.3 1 0
eco_points/mocks/QueryTrashInterface.go:67.8,68.24 1 0
eco_points/mocks/QueryTrashInterface.go:68.24,70.4 1 0
eco_points/mocks/QueryTrashInterface.go:73.2,73.45 1 0
eco_points/mocks/QueryTrashInterface.go:73.45,75.3 1 0
eco_points/mocks/QueryTrashInterface.go:75.8,77.3 1 0
eco_points/mocks/QueryTrashInterface.go:79.2,79.15 1 0
eco_points/mocks/QueryTrashInterface.go:83.94,86.19 2 0
eco_points/mocks/QueryTrashInterface.go:86.19,87.56 1 0
eco_points/mocks/QueryTrashInterface.go:90.2,92.78 3 0
eco_points/mocks/QueryTrashInterface.go:92.78,94.3 1 0
eco_points/mocks/QueryTrashInterface.go:95.2,95.69 1 0
eco_points/mocks/QueryTrashInterface.go:95.69,97.3 1 0
eco_points/mocks/QueryTrashInterface.go:97.8,98.24 1 0
eco_points/mocks/QueryTrashInterface.go:98.24,100.4 1 0
eco_points/mocks/QueryTrashInterface.go:103.2,103.51 1 0
eco_points/mocks/QueryTrashInterface.go:103.51,105.3 1 0
eco_points/mocks/QueryTrashInterface.go:105.8,107.3 1 0
eco_points/mocks/QueryTrashInterface.go:109.2,109.15 1 0
eco_points/mocks/QueryTrashInterface.go:113.85,116.19 2 0
eco_points/mocks/QueryTrashInterface.go:116.19,117.53 1 0
eco_points/mocks/QueryTrashInterface.go:120.2,121.70 2 0
eco_points/mocks/QueryTrashInterface.go:121.70,123.3 1 0
eco_points/mocks/QueryTrashInterface.go:123.8,125.3 1 0
eco_points/mocks/QueryTrashInterface.go:127.2,127.11 1 0
eco_points/mocks/QueryTrashInterface.go:135.25,139.19 3 0
eco_points/mocks/QueryTrashInterface.go:139.19,139.49 1 0
eco_points/mocks/QueryTrashInterface.go:141.2,141.13 1 0
eco_points/mocks/RHandler.go:16.50,19.19 2 0
eco_points/mocks/RHandler.go:19.19,20.51 1 0
eco_points/mocks/RHandler.go:23.2,24.56 2 0
eco_points/mocks/RHandler.go:24.56,26.3 1 0
eco_points/mocks/RHandler.go:26.8,27.24 1 0
eco_points/mocks/RHandler.go:27.24,29.4 1 0
eco_points/mocks/RHandler.go:32.2,32.11 1 0
eco_points/mocks/RHandler.go:36.53,39.19 2 0
eco_points/mocks/RHandler.go:39.19,40.54 1 0
eco_points/mocks/RHandler.go:43.2,44.56 2 0
eco_points/mocks/RHandler.go:44.56,46.3 1 0
eco_points/mocks/RHandler.go:46.8,47.24 1 0
eco_points/mocks/RHandler.go:47.24,49.4 1 0
eco_points/mocks/RHandler.go:52.2,52.11 1 0
eco_points/mocks/RHandler.go:56.54,59.19 2 0
eco_points/mocks/RHandler.go:59.19,60.55 1 0
eco_points/mocks/RHandler.go:63.2,64.56 2 0
eco_points/mocks/RHandler.go:64.56,66.3 1 0
eco_points/mocks/RHandler.go:66.8,67.24 1 0
eco_points/mocks/RHandler.go:67.24,69.4 1 0
eco_points/mocks/RHandler.go:72.2,72.11 1 0
eco_points/mocks/RHandler.go:76.54,79.19 2 0
eco_points/mocks/RHandler.go:79.19,80.55 1 0
eco_points/mocks/RHandler.go:83.2,84.56 2 0
eco_points/mocks/RHandler.go:84.56,86.3 1 0
eco_points/mocks/RHandler.go:86.8,87.24 1 0
eco_points/mocks/RHandler.go:87.24,89.4 1 0
eco_points/mocks/RHandler.go:92.2,92.11 1 0
eco_points/mocks/RHandler.go:96.53,99.19 2 0
eco_points/mocks/RHandler.go:99.19,100.54 1 0
eco_points/mocks/RHandler.go:103.2,104.56 2 0
eco_points/mocks/RHandler.go:104.56,106.3 1 0
eco_points/mocks/RHandler.go:106.8,107.24 1 0
eco_points/mocks/RHandler.go:107.24,109.4 1 0
eco_points/mocks/RHandler.go:112.2,112.11 1 0
eco_points/mocks/RHandler.go:120.14,124.19 3 0
eco_points/mocks/RHandler.go:124.19,124.49 1 0
eco_points/mocks/RHandler.go:126.2,126.13 1 0
eco_points/mocks/RQuery.go:17.61,20.19 2 0
eco_points/mocks/RQuery.go:20.19,21.51 1 0
eco_points/mocks/RQuery.go:24.2,25.59 2 0
eco_points/mocks/RQuery.go:25.59,27.3 1 0
eco_points/mocks/RQuery.go:27.8,29.3 1 0
eco_points/mocks/RQuery.go:31.2,31.11 1 0
eco_points/mocks/RQuery.go:35.53,38.19 2 0
eco_points/mocks/RQuery.go:38.19,39.54 1 0
eco_points/mocks/RQuery.go:42.2,43.49 2 0
eco_points/mocks/RQuery.go:43.49,45.3 1 0
eco_points/mocks/RQuery.go:45.8,47.3 1 0
eco_points/mocks/RQuery.go:49.2,49.11 1 0
eco_points/mocks/RQuery.go:53.87,56.19 2 0
eco_points/mocks/RQuery.go:56.19,57.55 1 0
eco_points/mocks/RQuery.go:60.2,63.78 4 0
eco_points/mocks/RQuery.go:63.78,65.3 1 0
eco_points/mocks/RQuery.go:66.2,66.64 1 0
eco_points/mocks/RQuery.go:66.64,68.3 1 0
eco_points/mocks/RQuery.go:68.8,69.24 1 0
eco_points/mocks/RQuery.go:69.24,71.4 1 0
eco_points/mocks/RQuery.go:74.2,74.51 1 0
eco_points/mocks/RQuery.go:74.51,76.3 1 0
eco_points/mocks/RQuery.go:76.8,78.3 1 0
eco_points/mocks/RQuery.go:80.2,80.53 1 0
eco_points/mocks/RQuery.go:80.53,82.3 1 0
eco_points/mocks/RQuery.go:82.8,84.3 1 0
eco_points/mocks/RQuery.go:86.2,86.19 1 0
eco_points/mocks/RQuery.go:90.72,93.19 2 0
eco_points/mocks/RQuery.go:93.19,94.55 1 0
eco_points/mocks/RQuery.go:97.2,99.67 3 0
eco_points/mocks/RQuery.go:99.67,101.3 1 0
eco_points/mocks/RQuery.go:102.2,102.58 1 0
eco_points/mocks/RQuery.go:102.58,104.3 1 0
eco_points/mocks/RQuery.go:104.8,106.3 1 0
eco_points/mocks/RQuery.go:108.2,108.49 1 0
eco_points/mocks/RQuery.go:108.49,110.3 1 0
eco_points/mocks/RQuery.go:110.8,112.3 1 0
eco_points/mocks/RQuery.go:114.2,114.15 1 0
eco_points/mocks/RQuery.go:118.83,121.19 2 0
eco_points/mocks/RQuery.go:121.19,122.54 1 0
eco_points/mocks/RQuery.go:125.2,126.65 2 0
eco_points/mocks/RQuery.go:126.65,128.3 1 0
eco_points/mocks/RQuery.go:128.8,130.3 1 0
eco_points/mocks/RQuery.go:132.2,132.11 1 0
eco_points/mocks/RQuery.go:140.12,144.19 3 0
eco_points/mocks/RQuery.go:144.19,144.49 1 0
eco_points/mocks/RQuery.go:146.2,146.13 1 0
eco_points/mocks/RServices.go:19.101,22.19 2 0
eco_points/mocks/RServices.go:22.19,23.51 1 0
eco_points/mocks/RServices.go:26.2,27.83 2 0
eco_points/mocks/RServices.go:27.83,29.3 1 0
eco_points/mocks/RServices.go:29.8,31.3 1 0
eco_points/mocks/RServices.go:33.2,33.11 1 0
eco_points/mocks/RServices.go:37.56,40.19 2 0
eco_points/mocks/RServices.go:40.19,41.54 1 0
eco_points/mocks/RServices.go:44.2,45.49 2 0
eco_points/mocks/RServices.go:45.49,47.3 1 0
eco_points/mocks/RServices.go:47.8,49.3 1 0
eco_points/mocks/RServices.go:51.2,51.11 1 0
eco_points/mocks/RServices.go:55.90,58.19 2 0
eco_points/mocks/RServices.go:58.19,59.55 1 0
eco_points/mocks/RServices.go:62.2,65.78 4 0
eco_points/mocks/RServices.go:65.78,67.3 1 0
eco_points/mocks/RServices.go:68.2,68.64 1 0
eco_points/mocks/RServices.go:68.64,70.3 1 0
eco_points/mocks/RServices.go:70.8,71.24 1 0
eco_points/mocks/RServices.go:71.24,73.4 1 0
eco_points/mocks/RServices.go:76.2,76.51 1 0
eco_points/mocks/RServices.go:76.51,78.3 1 0
eco_points/mocks/RServices.go:78.8,80.3 1 0
eco_points/mocks/RServices.go:82.2,82.53 1 0
eco_points/mocks/RServices.go:82.53,84.3 1 0
eco_points/mocks/RServices.go:84.8,86.3 1 0
eco_points/mocks/RServices.go:88.2,88.19 1 0
eco_points/mocks/RServices.go:92.75,95.19 2 0
eco_points/mocks/RServices.go:95.19,96.55 1 0
eco_points/mocks/RServices.go:99.2,101.67 3 0
eco_points/mocks/RServices.go:101.67,103.3 1 0
eco_points/mocks/RServices.go:104.2,104.58 1 0
eco_points/mocks/RServices.go:104.58,106.3 1 0
eco_points/mocks/RServices.go:106.8,108.3 1 0
eco_points/mocks/RServices.go:110.2,110.49 1 0
eco_points/mocks/RServices.go:110.49,112.3 1 0
eco_points/mocks/RServices.go:112.8,114.3 1 0
eco_points/mocks/RServices.go:116.2,116.15 1 0
eco_points/mocks/RServices.go:120.123,123.19 2 0
eco_points/mocks/RServices.go:123.19,124.54 1 0
eco_points/mocks/RServices.go:127.2,128.89 2 0
eco_points/mocks/RServices.go:128.89,130.3 1 0
eco_points/mocks/RServices.go:130.8,132.3 1 0
eco_points/mocks/RServices.go:134.2,134.11 1 0
eco_points/mocks/RServices.go:142.15,146.19 3 0
eco_points/mocks/RServices.go:146.19,146.49 1 0
eco_points/mocks/RServices.go:148.2,148.13 1 0
eco_points/mocks/Service.go:19.46,22.19 2 0
eco_points/mocks/Service.go:22.19,23.52 1 0
eco_points/mocks/Service.go:26.2,27.49 2 0
eco_points/mocks/Service.go:27.49,29.3 1 0
eco_points/mocks/Service.go:29.8,31.3 1 0
eco_points/mocks/Service.go:33.2,33.11 1 0
eco_points/mocks/Service.go:37.57,40.19 2 0
eco_points/mocks/Service.go:40.19,41.49 1 0
eco_points/mocks/Service.go:44.2,46.63 3 0
eco_points/mocks/Service.go:46.63,48.3 1 0
eco_points/mocks/Service.go:49.2,49.54 1 0
eco_points/mocks/Service.go:49.54,51.3 1 0
eco_points/mocks/Service.go:51.8,53.3 1 0
eco_points/mocks/Service.go:55.2,55.49 1 0
eco_points/mocks/Service.go:55.49,57.3 1 0
eco_points/mocks/Service.go:57.8,59.3 1 0
eco_points/mocks/Service.go:61.2,61.15 1 0
eco_points/mocks/Service.go:65.85,68.19 2 0
eco_points/mocks/Service.go:68.19,69.47 1 0
eco_points/mocks/Service.go:72.2,75.81 4 0
eco_points/mocks/Service.go:75.81,77.3 1 0
eco_points/mocks/Service.go:78.2,78.64 1 0
eco_points/mocks/Service.go:78.64,80.3 1 0
eco_points/mocks/Service.go:80.8,82.3 1 0
eco_points/mocks/Service.go:84.2,84.60 1 0
eco_points/mocks/Service.go:84.60,86.3 1 0
eco_points/mocks/Service.go:86.8,88.3 1 0
eco_points/mocks/Service.go:90.2,90.59 1 0
eco_points/mocks/Service.go:90.59,92.3 1 0
eco_points/mocks/Service.go:92.8,94.3 1 0
eco_points/mocks/Service.go:96.2,96.19 1 0
eco_points/mocks/Service.go:100.55,103.19 2 0
eco_points/mocks/Service.go:103.19,104.50 1 0
eco_points/mocks/Service.go:107.2,108.55 2 0
eco_points/mocks/Service.go:108.55,110.3 1 0
eco_points/mocks/Service.go:110.8,112.3 1 0
eco_points/mocks/Service.go:114.2,114.11 1 0
eco_points/mocks/Service.go:118.97,121.19 2 0
eco_points/mocks/Service.go:121.19,122.52 1 0
eco_points/mocks/Service.go:125.2,126.84 2 0
eco_points/mocks/Service.go:126.84,128.3 1 0
eco_points/mocks/Service.go:128.8,130.3 1 0
eco_points/mocks/Service.go:132.2,132.11 1 0
eco_points/mocks/Service.go:140.13,144.19 3 0
eco_points/mocks/Service.go:144.19,144.49 1 0
eco_points/mocks/Service.go:146.2,146.13 1 0
eco_points/mocks/ServiceDepoInterface.go:17.89,20.19 2 0
eco_points/mocks/ServiceDepoInterface.go:20.19,21.54 1 0
eco_points/mocks/ServiceDepoInterface.go:24.2,25.75 2 0
eco_points/mocks/ServiceDepoInterface.go:25.75,27.3 1 0
eco_points/mocks/ServiceDepoInterface.go:27.8,29.3 1 0
eco_points/mocks/ServiceDepoInterface.go:31.2,31.11 1 0
eco_points/mocks/ServiceDepoInterface.go:35.105,38.19 2 0
eco_points/mocks/ServiceDepoInterface.go:38.19,39.56 1 0
eco_points/mocks/ServiceDepoInterface.go:42.2,44.83 3 0
eco_points/mocks/ServiceDepoInterface.go:44.83,46.3 1 0
eco_points/mocks/ServiceDepoInterface.go:47.2,47.74 1 0
eco_points/mocks/ServiceDepoInterface.go:47.74,49.3 1 0
eco_points/mocks/ServiceDepoInterface.go:49.8,51.3 1 0
eco_points/mocks/ServiceDepoInterface.go:53.2,53.49 1 0
eco_points/mocks/ServiceDepoInterface.go:53.49,55.3 1 0
eco_points/mocks/ServiceDepoInterface.go:55.8,57.3 1 0
eco_points/mocks/ServiceDepoInterface.go:59.2,59.15 1 0
eco_points/mocks/ServiceDepoInterface.go:63.141,66.19 2 0
eco_points/mocks/ServiceDepoInterface.go:66.19,67.56 1 0
eco_points/mocks/ServiceDepoInterface.go:70.2,72.105 3 0
eco_points/mocks/ServiceDepoInterface.go:72.105,74.3 1 0
eco_points/mocks/ServiceDepoInterface.go:75.2,75.96 1 0
eco_points/mocks/ServiceDepoInterface.go:75.96,77.3 1 0
eco_points/mocks/ServiceDepoInterface.go:77.8,78.24 1 0
eco_points/mocks/ServiceDepoInterface.go:78.24,80.4 1 0
eco_points/mocks/ServiceDepoInterface.go:83.2,83.67 1 0
eco_points/mocks/ServiceDepoInterface.go:83.67,85.3 1 0
eco_points/mocks/ServiceDepoInterface.go:85.8,87.3 1 0
eco_points/mocks/ServiceDepoInterface.go:89.2,89.15 1 0
eco_points/mocks/ServiceDepoInterface.go:93.94,96.19 2 0
eco_points/mocks/ServiceDepoInterface.go:96.19,97.66 1 0
eco_points/mocks/ServiceDepoInterface.go:100.2,101.57 2 0
eco_points/mocks/ServiceDepoInterface.go:101.57,103.3 1 0
eco_points/mocks/ServiceDepoInterface.go:103.8,105.3 1 0
eco_points/mocks/ServiceDepoInterface.go:107.2,107.11 1 0
eco_points/mocks/ServiceDepoInterface.go:115.26,119.19 3 0
eco_points/mocks/ServiceDepoInterface.go:119.19,119.49 1 0
eco_points/mocks/ServiceDepoInterface.go:121.2,121.13 1 0
eco_points/mocks/ServiceInterface.go:17.85,20.19 2 0
eco_points/mocks/ServiceInterface.go:20.19,21.54 1 0
eco_points/mocks/ServiceInterface.go:24.2,25.75 2 0
eco_points/mocks/ServiceInterface.go:25.75,27.3 1 0
eco_points/mocks/ServiceInterface.go:27.8,29.3 1 0
eco_points/mocks/ServiceInterface.go:31.2,31.11 1 0
eco_points/mocks/ServiceInterface.go:35.122,38.19 2 0
eco_points/mocks/ServiceInterface.go:38.19,39.56 1 0
eco_points/mocks/ServiceInterface.go:42.2,44.99 3 0
eco_points/mocks/ServiceInterface.go:44.99,46.3 1 0
eco_points/mocks/ServiceInterface.go:47.2,47.90 1 0
eco_points/mocks/ServiceInterface.go:47.90,49.3 1 0
eco_points/mocks/ServiceInterface.go:49.8,50.24 1 0
eco_points/mocks/ServiceInterface.go:50.24,52.4 1 0
eco_points/mocks/ServiceInterface.go:55.2,55.61 1 0
eco_points/mocks/ServiceInterface.go:55.61,57.3 1 0
eco_points/mocks/ServiceInterface.go:57.8,59.3 1 0
eco_points/mocks/ServiceInterface.go:61.2,61.15 1 0
eco_points/mocks/ServiceInterface.go:65.90,68.19 2 0
eco_points/mocks/ServiceInterface.go:68.19,69.66 1 0
eco_points/mocks/ServiceInterface.go:72.2,73.57 2 0
eco_points/mocks/ServiceInterface.go:73.57,75.3 1 0
eco_points/mocks/ServiceInterface.go:75.8,77.3 1 0
eco_points/mocks/ServiceInterface.go:79.2,79.11 1 0
eco_points/mocks/ServiceInterface.go:87.22,91.19 3 0
eco_points/mocks/ServiceInterface.go:91.19,91.49 1 0
eco_points/mocks/ServiceInterface.go:93.2,93.13 1 0
eco_points/mocks/ServiceLocInterface.go:17.84,20.19 2 0
eco_points/mocks/ServiceLocInterface.go:20.19,21.53 1 0
eco_points/mocks/ServiceLocInterface.go:24.2,25.72 2 0
eco_points/mocks/ServiceLocInterface.go:25.72,27.3 1 0
eco_points/mocks/ServiceLocInterface.go:27.8,29.3 1 0
eco_points/mocks/ServiceLocInterface.go:31.2,31.11 1 0
eco_points/mocks/ServiceLocInterface.go:35.95,38.19 2 0
eco_points/mocks/ServiceLocInterface.go:38.19,39.53 1 0
eco_points/mocks/ServiceLocInterface.go:42.2,44.82 3 0
eco_points/mocks/ServiceLocInterface.go:44.82,46.3 1 0
eco_points/mocks/ServiceLocInterface.go:47.2,47.73 1 0
eco_points/mocks/ServiceLocInterface.go:47.73,49.3 1 0
eco_points/mocks/ServiceLocInterface.go:49.8,50.24 1 0
eco_points/mocks/ServiceLocInterface.go:50.24,52.4 1 0
eco_points/mocks/ServiceLocInterface.go:55.2,55.49 1 0
eco_points/mocks/ServiceLocInterface.go:55.49,57.3 1 0
eco_points/mocks/ServiceLocInterface.go:57.8,59.3 1 0
eco_points/mocks/ServiceLocInterface.go:61.2,61.15 1 0
eco_points/mocks/ServiceLocInterface.go:69.25,73.19 3 0
eco_points/mocks/ServiceLocInterface.go:73.19,73.49 1 0
eco_points/mocks/ServiceLocInterface.go:75.2,75.13 1 0
eco_points/mocks/ServiceTrashInterface.go:19.104,22.19 2 0
eco_points/mocks/ServiceTrashInterface.go:22.19,23.50 1 0
eco_points/mocks/ServiceTrashInterface.go:26.2,27.87 2 0
eco_points/mocks/ServiceTrashInterface.go:27.87,29.3 1 0
eco_points/mocks/ServiceTrashInterface.go:29.8,31.3 1 0
eco_points/mocks/ServiceTrashInterface.go:33.2,33.11 1 0
eco_points/mocks/ServiceTrashInterface.go:37.61,40.19 2 0
eco_points/mocks/ServiceTrashInterface.go:40.19,41.53 1 0
eco_points/mocks/ServiceTrashInterface.go:44.2,45.49 2 0
eco_points/mocks/ServiceTrashInterface.go:45.49,47.3 1 0
eco_points/mocks/ServiceTrashInterface.go:47.8,49.3 1 0
eco_points/mocks/ServiceTrashInterface.go:51.2,51.11 1 0
eco_points/mocks/ServiceTrashInterface.go:55.90,58.19 2 0
eco_points/mocks/ServiceTrashInterface.go:58.19,59.50 1 0
eco_points/mocks/ServiceTrashInterface.go:62.2,64.78 3 0
eco_points/mocks/ServiceTrashInterface.go:64.78,66.3 1 0
eco_points/mocks/ServiceTrashInterface.go:67.2,67.69 1 0
eco_points/mocks/ServiceTrashInterface.go:67.69,69.3 1 0
eco_points/mocks/ServiceTrashInterface.go:69.8,70.24 1 0
eco_points/mocks/ServiceTrashInterface.go:70.24,72.4 1 0
eco_points/mocks/ServiceTrashInterface.go:75.2,75.51 1 0
eco_points/mocks/ServiceTrashInterface.go:75.51,77.3 1 0
eco_points/mocks/ServiceTrashInterface.go:77.8,79.3 1 0
eco_points/mocks/ServiceTrashInterface.go:81.2,81.15 1 0
eco_points/mocks/ServiceTrashInterface.go:85.87,88.19 2 0
eco_points/mocks/ServiceTrashInterface.go:88.19,89.53 1 0
eco_points/mocks/ServiceTrashInterface.go:92.2,93.70 2 0
eco_points/mocks/ServiceTrashInterface.go:93.70,95.3 1 0
eco_points/mocks/ServiceTrashInterface.go:95.8,97.3 1 0
eco_points/mocks/ServiceTrashInterface.go:99.2,99.11 1 0
eco_points/mocks/ServiceTrashInterface.go:107.27,111.19 3 0
eco_points/mocks/ServiceTrashInterface.go:111.19,111.49 1 0
eco_points/mocks/ServiceTrashInterface.go:113.2,113.13 1 0
eco_points/mocks/UHandler.go:16.51,19.19 2 0
eco_points/mocks/UHandler.go:19.19,20.52 1 0
eco_points/mocks/UHandler.go:23.2,24.56 2 0
eco_points/mocks/UHandler.go:24.56,26.3 1 0
eco_points/mocks/UHandler.go:26.8,27.24 1 0
eco_points/mocks/UHandler.go:27.24,29.4 1 0
eco_points/mocks/UHandler.go:32.2,32.11 1 0
eco_points/mocks/UHandler.go:36.48,39.19 2 0
eco_points/mocks/UHandler.go:39.19,40.49 1 0
eco_points/mocks/UHandler.go:43.2,44.56 2 0
eco_points/mocks/UHandler.go:44.56,46.3 1 0
eco_points/mocks/UHandler.go:46.8,47.24 1 0
eco_points/mocks/UHandler.go:47.24,49.4 1 0
eco_points/mocks/UHandler.go:52.2,52.11 1 0
eco_points/mocks/UHandler.go:56.46,59.19 2 0
eco_points/mocks/UHandler.go:59.19,60.47 1 0
eco_points/mocks/UHandler.go:63.2,64.56 2 0
eco_points/mocks/UHandler.go:64.56,66.3 1 0
eco_points/mocks/UHandler.go:66.8,67.24 1 0
eco_points/mocks/UHandler.go:67.24,69.4 1 0
eco_points/mocks/UHandler.go:72.2,72.11 1 0
eco_points/mocks/UHandler.go:76.49,79.19 2 0
eco_points/mocks/UHandler.go:79.19,80.50 1 0
eco_points/mocks/UHandler.go:83.2,84.56 2 0
eco_points/mocks/UHandler.go:84.56,86.3 1 0
eco_points/mocks/UHandler.go:86.8,87.24 1 0
eco_points/mocks/UHandler.go:87.24,89.4 1 0
eco_points/mocks/UHandler.go:92.2,92.11 1 0
eco_points/mocks/UHandler.go:96.51,99.19 2 0
eco_points/mocks/UHandler.go:99.19,100.52 1 0
eco_points/mocks/UHandler.go:103.2,104.56 2 0
eco_points/mocks/UHandler.go:104.56,106.3 1 0
eco_points/mocks/UHandler.go:106.8,107.24 1 0
eco_points/mocks/UHandler.go:107.24,109.4 1 0
eco_points/mocks/UHandler.go:112.2,112.11 1 0
eco_points/mocks/UHandler.go:120.14,124.19 3 0
eco_points/mocks/UHandler.go:124.19,124.49 1 0
eco_points/mocks/UHandler.go:126.2,126.13 1 0
eco_points/mocks/UQuery.go:17.45,20.19 2 0
eco_points/mocks/UQuery.go:20.19,21.52 1 0
eco_points/mocks/UQuery.go:24.2,25.49 2 0
eco_points/mocks/UQuery.go:25.49,27.3 1 0
eco_points/mocks/UQuery.go:27.8,29.3 1 0
eco_points/mocks/UQuery.go:31.2,31.11 1 0
eco_points/mocks/UQuery.go:35.56,38.19 2 0
eco_points/mocks/UQuery.go:38.19,39.49 1 0
eco_points/mocks/UQuery.go:42.2,44.63 3 0
eco_points/mocks/UQuery.go:44.63,46.3 1 0
eco_points/mocks/UQuery.go:47.2,47.54 1 0
eco_points/mocks/UQuery.go:47.54,49.3 1 0
eco_points/mocks/UQuery.go:49.8,51.3 1 0
eco_points/mocks/UQuery.go:53.2,53.49 1 0
eco_points/mocks/UQuery.go:53.49,55.3 1 0
eco_points/mocks/UQuery.go:55.8,57.3 1 0
eco_points/mocks/UQuery.go:59.2,59.15 1 0
eco_points/mocks/UQuery.go:63.59,66.19 2 0
eco_points/mocks/UQuery.go:66.19,67.47 1 0
eco_points/mocks/UQuery.go:70.2,72.65 3 0
eco_points/mocks/UQuery.go:72.65,74.3 1 0
eco_points/mocks/UQuery.go:75.2,75.56 1 0
eco_points/mocks/UQuery.go:75.56,77.3 1 0
eco_points/mocks/UQuery.go:77.8,79.3 1 0
eco_points/mocks/UQuery.go:81.2,81.51 1 0
eco_points/mocks/UQuery.go:81.51,83.3 1 0
eco_points/mocks/UQuery.go:83.8,85.3 1 0
eco_points/mocks/UQuery.go:87.2,87.15 1 0
eco_points/mocks/UQuery.go:91.55,94.19 2 0
eco_points/mocks/UQuery.go:94.19,95.50 1 0
eco_points/mocks/UQuery.go:98.2,99.55 2 0
eco_points/mocks/UQuery.go:99.55,101.3 1 0
eco_points/mocks/UQuery.go:101.8,103.3 1 0
eco_points/mocks/UQuery.go:105.2,105.11 1 0
eco_points/mocks/UQuery.go:109.68,112.19 2 0
eco_points/mocks/UQuery.go:112.19,113.52 1 0
eco_points/mocks/UQuery.go:116.2,117.61 2 0
eco_points/mocks/UQuery.go:117.61,119.3 1 0
eco_points/mocks/UQuery.go:119.8,121.3 1 0
eco_points/mocks/UQuery.go:123.2,123.11 1 0
eco_points/mocks/UQuery.go:131.12,135.19 3 0
eco_points/mocks/UQuery.go:135.19,135.49 1 0
eco_points/mocks/UQuery.go:137.2,137.13 1 0
eco_points/mocks/UService.go:19.47,22.19 2 0
eco_points/mocks/UService.go:22.19,23.52 1 0
eco_points/mocks/UService.go:26.2,27.49 2 0
eco_points/mocks/UService.go:27.49,29.3 1 0
eco_points/mocks/UService.go:29.8,31.3 1 0
eco_points/mocks/UService.go:33.2,33.11 1 0
eco_points/mocks/UService.go:37.58,40.19 2 0
eco_points/mocks/UService.go:40.19,41.49 1 0
eco_points/mocks/UService.go:44.2,46.63 3 0
eco_points/mocks/UService.go:46.63,48.3 1 0
eco_points/mocks/UService.go:49.2,49.54 1 0
eco_points/mocks/UService.go:49.54,51.3 1 0
eco_points/mocks/UService.go:51.8,53.3 1 0
eco_points/mocks/UService.go:55.2,55.49 1 0
eco_points/mocks/UService.go:55.49,57.3 1 0
eco_points/mocks/UService.go:57.8,59.3 1 0
eco_points/mocks/UService.go:61.2,61.15 1 0
eco_points/mocks/UService.go:65.86,68.19 2 0
eco_points/mocks/UService.go:68.19,69.47 1 0
eco_points/mocks/UService.go:72.2,75.81 4 0
eco_points/mocks/UService.go:75.81,77.3 1 0
eco_points/mocks/UService.go:78.2,78.64 1 0
eco_points/mocks/UService.go:78.64,80.3 1 0
eco_points/mocks/UService.go:80.8,82.3 1 0
eco_points/mocks/UService.go:84.2,84.60 1 0
eco_points/mocks/UService.go:84.60,86.3 1 0
eco_points/mocks/UService.go:86.8,88.3 1 0
eco_points/mocks/UService.go:90.2,90.59 1 0
eco_points/mocks/UService.go:90.59,92.3 1 0
eco_points/mocks/UService.go:92.8,94.3 1 0
eco_points/mocks/UService.go:96.2,96.19 1 0
eco_points/mocks/UService.go:100.56,103.19 2 0
eco_points/mocks/UService.go:103.19,104.50 1 0
eco_points/mocks/UService.go:107.2,108.55 2 0
eco_points/mocks/UService.go:108.55,110.3 1 0
eco_points/mocks/UService.go:110.8,112.3 1 0
eco_points/mocks/UService.go:114.2,114.11 1 0
eco_points/mocks/UService.go:118.98,121.19 2 0
eco_points/mocks/UService.go:121.19,122.52 1 0
eco_points/mocks/UService.go:125.2,126.84 2 0
eco_points/mocks/UService.go:126.84,128.3 1 0
eco_points/mocks/UService.go:128.8,130.3 1 0
eco_points/mocks/UService.go:132.2,132.11 1 0
eco_points/mocks/UService.go:140.14,144.19 3 0
eco_points/mocks/UService.go:144.19,144.49 1 0
eco_points/mocks/UService.go:146.2,146.13 1 0
eco_points/internal/features/users/service/service.go:21.144,28.2 1 0
eco_points/internal/features/users/service/service.go:30.60,34.16 2 0
eco_points/internal/features/users/service/service.go:34.16,37.3 2 0
eco_points/internal/features/users/service/service.go:38.2,44.16 5 0
eco_points/internal/features/users/service/service.go:44.16,47.3 2 0
eco_points/internal/features/users/service/service.go:49.2,49.12 1 0
eco_points/internal/features/users/service/service.go:52.90,55.16 2 0
eco_points/internal/features/users/service/service.go:55.16,58.3 2 0
eco_points/internal/features/users/service/service.go:61.2,62.16 2 0
eco_points/internal/features/users/service/service.go:62.16,65.3 2 0
eco_points/internal/features/users/service/service.go:68.2,69.16 2 0
eco_points/internal/features/users/service/service.go:69.16,72.3 2 0
eco_points/internal/features/users/service/service.go:74.2,74.27 1 0
eco_points/internal/features/users/service/service.go:77.62,80.16 2 0
eco_points/internal/features/users/service/service.go:80.16,81.52 1 0
eco_points/internal/features/users/service/service.go:81.52,83.4 1 0
eco_points/internal/features/users/service/service.go:84.3,84.52 1 0
eco_points/internal/features/users/service/service.go:87.2,87.20 1 0
eco_points/internal/features/users/service/service.go:90.102,92.31 1 0
eco_points/internal/features/users/service/service.go:92.31,94.17 2 0
eco_points/internal/features/users/service/service.go:94.17,97.4 2 0
eco_points/internal/features/users/service/service.go:98.3,98.39 1 0
eco_points/internal/features/users/service/service.go:100.2,100.17 1 0
eco_points/internal/features/users/service/service.go:100.17,102.17 2 0
eco_points/internal/features/users/service/service.go:102.17,104.4 1 0
eco_points/internal/features/users/service/service.go:105.3,108.17 3 0
eco_points/internal/features/users/service/service.go:108.17,110.4 1 0
eco_points/internal/features/users/service/service.go:111.3,111.31 1 0
eco_points/internal/features/users/service/service.go:114.2,116.16 2 0
eco_points/internal/features/users/service/service.go:116.16,119.3 2 0
eco_points/internal/features/users/service/service.go:121.2,121.12 1 0
eco_points/internal/features/users/service/service.go:124.51,127.16 2 0
eco_points/internal/features/users/service/service.go:127.16,130.3 2 0
eco_points/internal/features/users/service/service.go:132.2,132.12 1 0
eco_points/internal/features/users/repository/data.go:31.42,44.2 1 0
eco_points/internal/features/users/repository/data.go:47.41,59.2 1 0
eco_points/internal/features/users/repository/query.go:13.50,17.2 1 0
eco_points/internal/features/users/repository/query.go:20.57,24.16 3 0
eco_points/internal/features/users/repository/query.go:24.16,26.3 1 0
eco_points/internal/features/users/repository/query.go:28.2,28.12 1 0
eco_points/internal/features/users/repository/query.go:32.62,36.16 3 0
eco_points/internal/features/users/repository/query.go:36.16,38.3 1 0
eco_points/internal/features/users/repository/query.go:40.2,40.35 1 0
eco_points/internal/features/users/repository/query.go:44.59,48.16 3 0
eco_points/internal/features/users/repository/query.go:48.16,50.3 1 0
eco_points/internal/features/users/repository/query.go:52.2,52.35 1 0
eco_points/internal/features/users/repository/query.go:56.71,60.22 3 0
eco_points/internal/features/users/repository/query.go:60.22,62.3 1 0
eco_points/internal/features/users/repository/query.go:64.2,64.26 1 0
eco_points/internal/features/users/repository/query.go:64.26,66.3 1 0
eco_points/internal/features/users/repository/query.go:68.2,68.12 1 0
eco_points/internal/features/users/repository/query.go:71.48,74.22 2 0
eco_points/internal/features/users/repository/query.go:74.22,76.3 1 0
eco_points/internal/features/users/repository/query.go:78.2,78.26 1 0
eco_points/internal/features/users/repository/query.go:78.26,80.3 1 0
eco_points/internal/features/users/repository/query.go:82.2,82.12 1 0
eco_points/internal/features/users/handler/request.go:24.52,30.2 1 0
eco_points/internal/features/users/handler/request.go:32.48,41.2 1 0
eco_points/internal/features/users/handler/response.go:21.69,25.2 1 0
eco_points/internal/features/users/handler/response.go:27.55,39.2 1 0
eco_points/internal/features/users/handler/users.go:20.83,25.2 1 0
eco_points/internal/features/users/handler/users.go:27.52,28.36 1 0
eco_points/internal/features/users/handler/users.go:28.36,32.17 3 0
eco_points/internal/features/users/handler/users.go:32.17,35.4 2 0
eco_points/internal/features/users/handler/users.go:37.3,38.17 2 0
eco_points/internal/features/users/handler/users.go:38.17,41.4 2 0
eco_points/internal/features/users/handler/users.go:43.3,43.124 1 0
eco_points/internal/features/users/handler/users.go:47.49,48.36 1 0
eco_points/internal/features/users/handler/users.go:48.36,52.17 3 0
eco_points/internal/features/users/handler/users.go:52.17,55.4 2 0
eco_points/internal/features/users/handler/users.go:57.3,58.17 2 0
eco_points/internal/features/users/handler/users.go:58.17,61.4 2 0
eco_points/internal/features/users/handler/users.go:63.3,63.138 1 0
eco_points/internal/features/users/handler/users.go:67.51,68.36 1 0
eco_points/internal/features/users/handler/users.go:68.36,72.17 3 0
eco_points/internal/features/users/handler/users.go:72.17,73.59 1 0
eco_points/internal/features/users/handler/users.go:73.59,75.5 1 0
eco_points/internal/features/users/handler/users.go:76.4,76.151 1 0
eco_points/internal/features/users/handler/users.go:79.3,79.146 1 0
eco_points/internal/features/users/handler/users.go:83.54,84.36 1 0
eco_points/internal/features/users/handler/users.go:84.36,90.17 4 0
eco_points/internal/features/users/handler/users.go:90.17,93.4 2 0
eco_points/internal/features/users/handler/users.go:96.3,97.18 2 0
eco_points/internal/features/users/handler/users.go:97.18,98.18 1 0
eco_points/internal/features/users/handler/users.go:98.18,101.5 2 0
eco_points/internal/features/users/handler/users.go:103.3,104.17 2 0
eco_points/internal/features/users/handler/users.go:104.17,107.4 2 0
eco_points/internal/features/users/handler/users.go:109.3,109.128 1 0
eco_points/internal/features/users/handler/users.go:113.54,114.36 1 0
eco_points/internal/features/users/handler/users.go:114.36,119.17 3 0
eco_points/internal/features/users/handler/users.go:119.17,122.4 2 0
eco_points/internal/features/users/handler/users.go:124.3,124.118 1 0
eco_points/internal/features/waste_deposits/handler/deposit.go:20.116,25.2 1 0
eco_points/internal/features/waste_deposits/handler/deposit.go:27.58,28.36 1 0
eco_points/internal/features/waste_deposits/handler/deposit.go:28.36,33.17 4 0
eco_points/internal/features/waste_deposits/handler/deposit.go:33.17,36.4 2 0
eco_points/internal/features/waste_deposits/handler/deposit.go:38.3,39.17 2 0
eco_points/internal/features/waste_deposits/handler/deposit.go:39.17,42.4 2 0
eco_points/internal/features/waste_deposits/handler/deposit.go:44.3,44.108 1 0
eco_points/internal/features/waste_deposits/handler/deposit.go:48.70,49.36 1 0
eco_points/internal/features/waste_deposits/handler/deposit.go:49.36,51.40 2 0
eco_points/internal/features/waste_deposits/handler/deposit.go:51.40,54.4 2 0
eco_points/internal/features/waste_deposits/handler/deposit.go:56.3,57.17 2 0
eco_points/internal/features/waste_deposits/handler/deposit.go:57.17,60.4 2 0
eco_points/internal/features/waste_deposits/handler/deposit.go:62.3,62.107 1 0
eco_points/internal/features/waste_deposits/handler/deposit.go:66.60,67.36 1 0
eco_points/internal/features/waste_deposits/handler/deposit.go:67.36,69.17 2 0
eco_points/internal/features/waste_deposits/handler/deposit.go:69.17,72.4 2 0
eco_points/internal/features/waste_deposits/handler/deposit.go:74.3,76.35 2 0
eco_points/internal/features/waste_deposits/handler/deposit.go:76.35,78.4 1 0
eco_points/internal/features/waste_deposits/handler/deposit.go:80.3,82.36 2 0
eco_points/internal/features/waste_deposits/handler/deposit.go:82.36,84.4 1 0
eco_points/internal/features/waste_deposits/handler/deposit.go:86.3,88.17 2 0
eco_points/internal/features/waste_deposits/handler/deposit.go:88.17,90.4 1 0
eco_points/internal/features/waste_deposits/handler/deposit.go:91.3,92.17 2 0
eco_points/internal/features/waste_deposits/handler/deposit.go:92.17,95.4 2 0
eco_points/internal/features/waste_deposits/handler/deposit.go:96.3,96.130 1 0
eco_points/internal/features/waste_deposits/handler/deposit.go:101.60,102.36 1 0
eco_points/internal/features/waste_deposits/handler/deposit.go:102.36,104.17 2 0
eco_points/internal/features/waste_deposits/handler/deposit.go:104.17,107.4 2 0
eco_points/internal/features/waste_deposits/handler/deposit.go:109.3,111.17 2 0
eco_points/internal/features/waste_deposits/handler/deposit.go:111.17,113.4 1 0
eco_points/internal/features/waste_deposits/handler/deposit.go:115.3,116.17 2 0
eco_points/internal/features/waste_deposits/handler/deposit.go:116.17,119.4 2 0
eco_points/internal/features/waste_deposits/handler/deposit.go:121.3,121.126 1 0
eco_points/internal/features/waste_deposits/handler/request.go:16.89,24.2 1 0
eco_points/internal/features/waste_deposits/handler/response.go:28.42,32.2 3 0
eco_points/internal/features/waste_deposits/handler/response.go:34.91,37.25 2 0
eco_points/internal/features/waste_deposits/handler/response.go:37.25,65.3 2 0
eco_points/internal/features/waste_deposits/handler/response.go:66.2,66.15 1 0
eco_points/internal/features/waste_deposits/handler/response.go:69.83,80.2 1 0
eco_points/internal/features/waste_deposits/repository/data.go:46.71,55.2 1 0
eco_points/internal/features/waste_deposits/repository/data.go:57.116,67.2 1 0
eco_points/internal/features/waste_deposits/repository/data.go:69.94,71.25 2 0
eco_points/internal/features/waste_deposits/repository/data.go:71.25,90.3 2 0
eco_points/internal/features/waste_deposits/repository/data.go:92.2,92.15 1 0
eco_points/internal/features/waste_deposits/repository/query.go:15.59,19.2 1 0
eco_points/internal/features/waste_deposits/repository/query.go:23.51,25.2 1 0
eco_points/internal/features/waste_deposits/repository/query.go:27.80,29.16 2 0
eco_points/internal/features/waste_deposits/repository/query.go:29.16,32.3 2 0
eco_points/internal/features/waste_deposits/repository/query.go:34.2,36.16 3 0
eco_points/internal/features/waste_deposits/repository/query.go:36.16,39.3 2 0
eco_points/internal/features/waste_deposits/repository/query.go:40.2,40.12 1 0
eco_points/internal/features/waste_deposits/repository/query.go:43.84,44.50 1 0
eco_points/internal/features/waste_deposits/repository/query.go:44.50,47.17 2 0
eco_points/internal/features/waste_deposits/repository/query.go:47.17,50.4 2 0
eco_points/internal/features/waste_deposits/repository/query.go:53.3,55.17 3 0
eco_points/internal/features/waste_deposits/repository/query.go:55.17,58.4 2 0
eco_points/internal/features/waste_deposits/repository/query.go:61.3,62.17 2 0
eco_points/internal/features/waste_deposits/repository/query.go:62.17,65.4 2 0
eco_points/internal/features/waste_deposits/repository/query.go:67.3,67.13 1 0
eco_points/internal/features/waste_deposits/repository/query.go:71.132,74.14 3 0
eco_points/internal/features/waste_deposits/repository/query.go:74.14,79.3 1 0
eco_points/internal/features/waste_deposits/repository/query.go:79.8,84.3 1 0
eco_points/internal/features/waste_deposits/repository/query.go:85.2,86.16 2 0
eco_points/internal/features/waste_deposits/repository/query.go:86.16,89.3 2 0
eco_points/internal/features/waste_deposits/repository/query.go:90.2,91.16 2 0
eco_points/internal/features/waste_deposits/repository/query.go:94.96,98.22 3 0
eco_points/internal/features/waste_deposits/repository/query.go:98.22,101.3 2 0
eco_points/internal/features/waste_deposits/repository/query.go:103.2,106.22 3 0
eco_points/internal/features/waste_deposits/repository/query.go:106.22,109.3 2 0
eco_points/internal/features/waste_deposits/repository/query.go:111.2,114.22 3 0
eco_points/internal/features/waste_deposits/repository/query.go:114.22,117.3 2 0
eco_points/internal/features/waste_deposits/repository/query.go:119.2,119.72 1 0
eco_points/config/config.go:32.30,35.52 2 0
eco_points/config/config.go:35.52,37.17 2 0
eco_points/config/config.go:37.17,39.4 1 0
eco_points/config/config.go:40.8,42.3 1 0
eco_points/config/config.go:43.2,52.15 10 0
eco_points/config/config.go:55.36,65.16 6 0
eco_points/config/config.go:65.16,67.3 1 0
eco_points/config/config.go:68.2,69.16 2 0
eco_points/config/config.go:69.16,71.3 1 0
eco_points/config/config.go:72.2,72.16 1 0
eco_points/internal/features/exchanges/repository/data.go:41.59,49.2 1 0
eco_points/internal/features/exchanges/repository/data.go:51.56,57.2 1 0
eco_points/internal/features/exchanges/repository/query.go:14.62,18.2 1 0
eco_points/internal/features/exchanges/repository/query.go:20.76,25.73 3 0
eco_points/internal/features/exchanges/repository/query.go:25.73,27.3 1 0
eco_points/internal/features/exchanges/repository/query.go:28.2,28.22 1 0
eco_points/internal/features/exchanges/repository/query.go:28.22,30.3 1 0
eco_points/internal/features/exchanges/repository/query.go:33.2,33.69 1 0
eco_points/internal/features/exchanges/repository/query.go:33.69,35.3 1 0
eco_points/internal/features/exchanges/repository/query.go:36.2,36.47 1 0
eco_points/internal/features/exchanges/repository/query.go:36.47,38.3 1 0
eco_points/internal/features/exchanges/repository/query.go:41.2,48.57 4 0
eco_points/internal/features/exchanges/repository/query.go:48.57,50.3 1 0
eco_points/internal/features/exchanges/repository/query.go:53.2,53.48 1 0
eco_points/internal/features/exchanges/repository/query.go:53.48,55.3 1 0
eco_points/internal/features/exchanges/repository/query.go:56.2,56.50 1 0
eco_points/internal/features/exchanges/repository/query.go:56.50,58.3 1 0
eco_points/internal/features/exchanges/repository/query.go:60.2,60.12 1 0
eco_points/internal/features/locations/repository/data.go:23.60,34.2 1 0
eco_points/internal/features/locations/repository/data.go:36.68,38.28 2 0
eco_points/internal/features/locations/repository/data.go:38.28,49.3 1 0
eco_points/internal/features/locations/repository/data.go:50.2,50.15 1 0
eco_points/internal/features/locations/repository/query.go:14.58,18.2 1 0
eco_points/internal/features/locations/repository/query.go:20.72,23.16 3 0
eco_points/internal/features/locations/repository/query.go:23.16,26.3 2 0
eco_points/internal/features/locations/repository/query.go:28.2,28.12 1 0
eco_points/internal/features/locations/repository/query.go:32.83,35.22 3 0
eco_points/internal/features/locations/repository/query.go:35.22,38.3 2 0
eco_points/internal/features/locations/repository/query.go:40.2,40.36 1 0
eco_points/internal/features/rewards/repository/data.go:21.50,30.2 1 0
eco_points/internal/features/rewards/repository/data.go:32.48,40.2 1 0
eco_points/internal/features/rewards/repository/query.go:13.57,17.2 1 0
eco_points/internal/features/rewards/repository/query.go:19.66,21.2 1 0
eco_points/internal/features/rewards/repository/query.go:23.87,26.16 3 0
eco_points/internal/features/rewards/repository/query.go:26.16,28.3 1 0
eco_points/internal/features/rewards/repository/query.go:29.2,29.57 1 0
eco_points/internal/features/rewards/repository/query.go:32.58,34.2 1 0
eco_points/internal/features/rewards/repository/query.go:36.77,39.16 3 0
eco_points/internal/features/rewards/repository/query.go:39.16,41.3 1 0
eco_points/internal/features/rewards/repository/query.go:42.2,42.20 1 0
eco_points/internal/features/rewards/repository/query.go:45.92,51.16 4 0
eco_points/internal/features/rewards/repository/query.go:51.16,53.3 1 0
eco_points/internal/features/rewards/repository/query.go:56.2,57.16 2 0
eco_points/internal/features/rewards/repository/query.go:57.16,59.3 1 0
eco_points/internal/features/rewards/repository/query.go:62.2,63.37 2 0
eco_points/internal/features/rewards/repository/query.go:63.37,65.3 1 0
eco_points/internal/features/rewards/repository/query.go:67.2,67.46 1 0
eco_points/internal/features/trashes/repository/data.go:23.51,25.16 2 0
eco_points/internal/features/trashes/repository/data.go:25.16,27.3 1 0
eco_points/internal/features/trashes/repository/data.go:28.2,35.3 1 0
eco_points/internal/features/trashes/repository/data.go:38.61,40.25 2 0
eco_points/internal/features/trashes/repository/data.go:40.25,60.3 2 0
eco_points/internal/features/trashes/repository/data.go:61.2,61.15 1 0
eco_points/internal/features/trashes/repository/query.go:18.66,22.2 1 0
eco_points/internal/features/trashes/repository/query.go:24.42,30.2 5 0
eco_points/internal/features/trashes/repository/query.go:32.64,35.16 3 0
eco_points/internal/features/trashes/repository/query.go:35.16,38.3 2 0
eco_points/internal/features/trashes/repository/query.go:39.2,39.12 1 0
eco_points/internal/features/trashes/repository/query.go:42.84,45.16 3 0
eco_points/internal/features/trashes/repository/query.go:45.16,48.3 2 0
eco_points/internal/features/trashes/repository/query.go:49.2,49.37 1 0
eco_points/internal/features/trashes/repository/query.go:52.71,55.16 3 0
eco_points/internal/features/trashes/repository/query.go:55.16,58.3 2 0
eco_points/internal/features/trashes/repository/query.go:59.2,59.37 1 0
eco_points/internal/features/trashes/repository/query.go:62.49,64.16 2 0
eco_points/internal/features/trashes/repository/query.go:64.16,67.3 2 0
eco_points/internal/features/trashes/repository/query.go:68.2,68.12 1 0
eco_points/internal/features/trashes/repository/query.go:71.75,74.26 2 0
eco_points/internal/features/trashes/repository/query.go:74.26,76.3 1 0
eco_points/internal/features/trashes/repository/query.go:78.2,78.21 1 0
eco_points/internal/features/trashes/repository/query.go:78.21,80.3 1 0
eco_points/internal/features/trashes/repository/query.go:82.2,82.22 1 0
eco_points/internal/features/trashes/repository/query.go:82.22,84.17 2 0
eco_points/internal/features/trashes/repository/query.go:84.17,86.4 1 0
eco_points/internal/features/trashes/repository/query.go:87.3,87.58 1 0
eco_points/internal/features/trashes/repository/query.go:90.2,90.24 1 0
eco_points/internal/features/trashes/repository/query.go:90.24,92.3 1 0
eco_points/internal/features/trashes/repository/query.go:94.2,98.16 4 0
eco_points/internal/features/trashes/repository/query.go:98.16,101.3 2 0
eco_points/internal/features/trashes/repository/query.go:104.2,104.12 1 0
eco_points/internal/features/trashes/service/service.go:15.119,20.2 1 1
eco_points/internal/features/trashes/service/service.go:22.94,25.16 2 0
eco_points/internal/features/trashes/service/service.go:25.16,28.3 2 0
eco_points/internal/features/trashes/service/service.go:29.2,32.16 3 0
eco_points/internal/features/trashes/service/service.go:32.16,35.3 2 0
eco_points/internal/features/trashes/service/service.go:36.2,39.16 3 0
eco_points/internal/features/trashes/service/service.go:39.16,42.3 2 0
eco_points/internal/features/trashes/service/service.go:43.2,43.12 1 0
eco_points/internal/features/trashes/service/service.go:46.80,49.17 3 1
eco_points/internal/features/trashes/service/service.go:49.17,51.17 2 1
eco_points/internal/features/trashes/service/service.go:51.17,55.4 2 1
eco_points/internal/features/trashes/service/service.go:56.8,58.17 2 1
eco_points/internal/features/trashes/service/service.go:58.17,61.4 2 1
eco_points/internal/features/trashes/service/service.go:63.2,63.20 1 1
eco_points/internal/features/trashes/service/service.go:66.51,68.16 2 1
eco_points/internal/features/trashes/service/service.go:68.16,71.3 2 1
eco_points/internal/features/trashes/service/service.go:73.2,73.12 1 1
eco_points/internal/features/trashes/service/service.go:76.77,79.16 2 1
eco_points/internal/features/trashes/service/service.go:79.16,82.3 2 1
eco_points/internal/features/trashes/service/service.go:84.2,84.12 1 1
eco_points/internal/features/users/repository/data.go:31.42,44.2 1 0
eco_points/internal/features/users/repository/data.go:47.41,59.2 1 0
eco_points/internal/features/users/repository/query.go:13.50,17.2 1 0
eco_points/internal/features/users/repository/query.go:20.57,24.16 3 0
eco_points/internal/features/users/repository/query.go:24.16,26.3 1 0
eco_points/internal/features/users/repository/query.go:28.2,28.12 1 0
eco_points/internal/features/users/repository/query.go:32.62,36.16 3 0
eco_points/internal/features/users/repository/query.go:36.16,38.3 1 0
eco_points/internal/features/users/repository/query.go:40.2,40.35 1 0
eco_points/internal/features/users/repository/query.go:44.59,48.16 3 0
eco_points/internal/features/users/repository/query.go:48.16,50.3 1 0
eco_points/internal/features/users/repository/query.go:52.2,52.35 1 0
eco_points/internal/features/users/repository/query.go:56.71,60.22 3 0
eco_points/internal/features/users/repository/query.go:60.22,62.3 1 0
eco_points/internal/features/users/repository/query.go:64.2,64.26 1 0
eco_points/internal/features/users/repository/query.go:64.26,66.3 1 0
eco_points/internal/features/users/repository/query.go:68.2,68.12 1 0
eco_points/internal/features/users/repository/query.go:71.48,74.22 2 0
eco_points/internal/features/users/repository/query.go:74.22,76.3 1 0
eco_points/internal/features/users/repository/query.go:78.2,78.26 1 0
eco_points/internal/features/users/repository/query.go:78.26,80.3 1 0
eco_points/internal/features/users/repository/query.go:82.2,82.12 1 0
eco_points/internal/features/waste_deposits/repository/data.go:46.71,55.2 1 0
[...]
eco_points/mocks/RHandler.go:23.2,24.56 2 0
eco_points/mocks/RHandler.go:24.56,26.3 1 0
eco_points/mocks/RHandler.go:26.8,27.24 1 0
eco_points/mocks/RHandler.go:27.24,29.4 1 0
eco_points/mocks/RHandler.go:32.2,32.11 1 0
eco_points/mocks/RHandler.go:36.53,39.19 2 0
eco_points/mocks/RHandler.go:39.19,40.54 1 0
eco_points/mocks/RHandler.go:43.2,44.56 2 0
eco_points/mocks/RHandler.go:44.56,46.3 1 0
eco_points/mocks/RHandler.go:46.8,47.24 1 0
eco_points/mocks/RHandler.go:47.24,49.4 1 0
eco_points/mocks/RHandler.go:52.2,52.11 1 0
eco_points/mocks/RHandler.go:56.54,59.19 2 0
eco_points/mocks/RHandler.go:59.19,60.55 1 0
eco_points/mocks/RHandler.go:63.2,64.56 2 0
eco_points/mocks/RHandler.go:64.56,66.3 1 0
eco_points/mocks/RHandler.go:66.8,67.24 1 0
eco_points/mocks/RHandler.go:67.24,69.4 1 0
eco_points/mocks/RHandler.go:72.2,72.11 1 0
eco_points/mocks/RHandler.go:76.54,79.19 2 0
eco_points/mocks/RHandler.go:79.19,80.55 1 0
eco_points/mocks/RHandler.go:83.2,84.56 2 0
eco_points/mocks/RHandler.go:84.56,86.3 1 0
eco_points/mocks/RHandler.go:86.8,87.24 1 0
eco_points/mocks/RHandler.go:87.24,89.4 1 0
eco_points/mocks/RHandler.go:92.2,92.11 1 0
eco_points/mocks/RHandler.go:96.53,99.19 2 0
eco_points/mocks/RHandler.go:99.19,100.54 1 0
eco_points/mocks/RHandler.go:103.2,104.56 2 0
eco_points/mocks/RHandler.go:104.56,106.3 1 0
eco_points/mocks/RHandler.go:106.8,107.24 1 0
eco_points/mocks/RHandler.go:107.24,109.4 1 0
eco_points/mocks/RHandler.go:112.2,112.11 1 0
eco_points/mocks/RHandler.go:120.14,124.19 3 0
eco_points/mocks/RHandler.go:124.19,124.49 1 0
eco_points/mocks/RHandler.go:126.2,126.13 1 0
eco_points/mocks/RQuery.go:17.61,20.19 2 0
eco_points/mocks/RQuery.go:20.19,21.51 1 0
eco_points/mocks/RQuery.go:24.2,25.59 2 0
eco_points/mocks/RQuery.go:25.59,27.3 1 0
eco_points/mocks/RQuery.go:27.8,29.3 1 0
eco_points/mocks/RQuery.go:31.2,31.11 1 0
eco_points/mocks/RQuery.go:35.53,38.19 2 0
eco_points/mocks/RQuery.go:38.19,39.54 1 0
eco_points/mocks/RQuery.go:42.2,43.49 2 0
eco_points/mocks/RQuery.go:43.49,45.3 1 0
eco_points/mocks/RQuery.go:45.8,47.3 1 0
eco_points/mocks/RQuery.go:49.2,49.11 1 0
eco_points/mocks/RQuery.go:53.87,56.19 2 0
eco_points/mocks/RQuery.go:56.19,57.55 1 0
eco_points/mocks/RQuery.go:60.2,63.78 4 0
eco_points/mocks/RQuery.go:63.78,65.3 1 0
eco_points/mocks/RQuery.go:66.2,66.64 1 0
eco_points/mocks/RQuery.go:66.64,68.3 1 0
eco_points/mocks/RQuery.go:68.8,69.24 1 0
eco_points/mocks/RQuery.go:69.24,71.4 1 0
eco_points/mocks/RQuery.go:74.2,74.51 1 0
eco_points/mocks/RQuery.go:74.51,76.3 1 0
eco_points/mocks/RQuery.go:76.8,78.3 1 0
eco_points/mocks/RQuery.go:80.2,80.53 1 0
eco_points/mocks/RQuery.go:80.53,82.3 1 0
eco_points/mocks/RQuery.go:82.8,84.3 1 0
eco_points/mocks/RQuery.go:86.2,86.19 1 0
eco_points/mocks/RQuery.go:90.72,93.19 2 0
eco_points/mocks/RQuery.go:93.19,94.55 1 0
eco_points/mocks/RQuery.go:97.2,99.67 3 0
eco_points/mocks/RQuery.go:99.67,101.3 1 0
eco_points/mocks/RQuery.go:102.2,102.58 1 0
eco_points/mocks/RQuery.go:102.58,104.3 1 0
eco_points/mocks/RQuery.go:104.8,106.3 1 0
eco_points/mocks/RQuery.go:108.2,108.49 1 0
eco_points/mocks/RQuery.go:108.49,110.3 1 0
eco_points/mocks/RQuery.go:110.8,112.3 1 0
eco_points/mocks/RQuery.go:114.2,114.15 1 0
eco_points/mocks/RQuery.go:118.83,121.19 2 0
eco_points/mocks/RQuery.go:121.19,122.54 1 0
eco_points/mocks/RQuery.go:125.2,126.65 2 0
eco_points/mocks/RQuery.go:126.65,128.3 1 0
eco_points/mocks/RQuery.go:128.8,130.3 1 0
eco_points/mocks/RQuery.go:132.2,132.11 1 0
eco_points/mocks/RQuery.go:140.12,144.19 3 0
eco_points/mocks/RQuery.go:144.19,144.49 1 0
eco_points/mocks/RQuery.go:146.2,146.13 1 0
eco_points/mocks/RServices.go:19.101,22.19 2 0
eco_points/mocks/RServices.go:22.19,23.51 1 0
eco_points/mocks/RServices.go:26.2,27.83 2 0
eco_points/mocks/RServices.go:27.83,29.3 1 0
eco_points/mocks/RServices.go:29.8,31.3 1 0
eco_points/mocks/RServices.go:33.2,33.11 1 0
eco_points/mocks/RServices.go:37.56,40.19 2 0
eco_points/mocks/RServices.go:40.19,41.54 1 0
eco_points/mocks/RServices.go:44.2,45.49 2 0
eco_points/mocks/RServices.go:45.49,47.3 1 0
eco_points/mocks/RServices.go:47.8,49.3 1 0
eco_points/mocks/RServices.go:51.2,51.11 1 0
eco_points/mocks/RServices.go:55.90,58.19 2 0
eco_points/mocks/RServices.go:58.19,59.55 1 0
eco_points/mocks/RServices.go:62.2,65.78 4 0
eco_points/mocks/RServices.go:65.78,67.3 1 0
eco_points/mocks/RServices.go:68.2,68.64 1 0
eco_points/mocks/RServices.go:68.64,70.3 1 0
eco_points/mocks/RServices.go:70.8,71.24 1 0
eco_points/mocks/RServices.go:71.24,73.4 1 0
eco_points/mocks/RServices.go:76.2,76.51 1 0
eco_points/mocks/RServices.go:76.51,78.3 1 0
eco_points/mocks/RServices.go:78.8,80.3 1 0
eco_points/mocks/RServices.go:82.2,82.53 1 0
eco_points/mocks/RServices.go:82.53,84.3 1 0
eco_points/mocks/RServices.go:84.8,86.3 1 0
eco_points/mocks/RServices.go:88.2,88.19 1 0
eco_points/mocks/RServices.go:92.75,95.19 2 0
eco_points/mocks/RServices.go:95.19,96.55 1 0
eco_points/mocks/RServices.go:99.2,101.67 3 0
eco_points/mocks/RServices.go:101.67,103.3 1 0
eco_points/mocks/RServices.go:104.2,104.58 1 0
eco_points/mocks/RServices.go:104.58,106.3 1 0
eco_points/mocks/RServices.go:106.8,108.3 1 0
eco_points/mocks/RServices.go:110.2,110.49 1 0
eco_points/mocks/RServices.go:110.49,112.3 1 0
eco_points/mocks/RServices.go:112.8,114.3 1 0
eco_points/mocks/RServices.go:116.2,116.15 1 0
eco_points/mocks/RServices.go:120.123,123.19 2 0
eco_points/mocks/RServices.go:123.19,124.54 1 0
eco_points/mocks/RServices.go:127.2,128.89 2 0
eco_points/mocks/RServices.go:128.89,130.3 1 0
eco_points/mocks/RServices.go:130.8,132.3 1 0
eco_points/mocks/RServices.go:134.2,134.11 1 0
eco_points/mocks/RServices.go:142.15,146.19 3 0
eco_points/mocks/RServices.go:146.19,146.49 1 0
eco_points/mocks/RServices.go:148.2,148.13 1 0
eco_points/mocks/Service.go:19.46,22.19 2 0
eco_points/mocks/Service.go:22.19,23.52 1 0
eco_points/mocks/Service.go:26.2,27.49 2 0
eco_points/mocks/Service.go:27.49,29.3 1 0
eco_points/mocks/Service.go:29.8,31.3 1 0
eco_points/mocks/Service.go:33.2,33.11 1 0
eco_points/mocks/Service.go:37.57,40.19 2 0
eco_points/mocks/Service.go:40.19,41.49 1 0
eco_points/mocks/Service.go:44.2,46.63 3 0
eco_points/mocks/Service.go:46.63,48.3 1 0
eco_points/mocks/Service.go:49.2,49.54 1 0
eco_points/mocks/Service.go:49.54,51.3 1 0
eco_points/mocks/Service.go:51.8,53.3 1 0
eco_points/mocks/Service.go:55.2,55.49 1 0
eco_points/mocks/Service.go:55.49,57.3 1 0
eco_points/mocks/Service.go:57.8,59.3 1 0
eco_points/mocks/Service.go:61.2,61.15 1 0
eco_points/mocks/Service.go:65.85,68.19 2 0
eco_points/mocks/Service.go:68.19,69.47 1 0
eco_points/mocks/Service.go:72.2,75.81 4 0
eco_points/mocks/Service.go:75.81,77.3 1 0
eco_points/mocks/Service.go:78.2,78.64 1 0
eco_points/mocks/Service.go:78.64,80.3 1 0
eco_points/mocks/Service.go:80.8,82.3 1 0
eco_points/mocks/Service.go:84.2,84.60 1 0
eco_points/mocks/Service.go:84.60,86.3 1 0
eco_points/mocks/Service.go:86.8,88.3 1 0
eco_points/mocks/Service.go:90.2,90.59 1 0
eco_points/mocks/Service.go:90.59,92.3 1 0
eco_points/mocks/Service.go:92.8,94.3 1 0
eco_points/mocks/Service.go:96.2,96.19 1 0
eco_points/mocks/Service.go:100.55,103.19 2 0
eco_points/mocks/Service.go:103.19,104.50 1 0
eco_points/mocks/Service.go:107.2,108.55 2 0
eco_points/mocks/Service.go:108.55,110.3 1 0
eco_points/mocks/Service.go:110.8,112.3 1 0
eco_points/mocks/Service.go:114.2,114.11 1 0
eco_points/mocks/Service.go:118.97,121.19 2 0
eco_points/mocks/Service.go:121.19,122.52 1 0
eco_points/mocks/Service.go:125.2,126.84 2 0
eco_points/mocks/Service.go:126.84,128.3 1 0
eco_points/mocks/Service.go:128.8,130.3 1 0
eco_points/mocks/Service.go:132.2,132.11 1 0
eco_points/mocks/Service.go:140.13,144.19 3 0
eco_points/mocks/Service.go:144.19,144.49 1 0
eco_points/mocks/Service.go:146.2,146.13 1 0
eco_points/mocks/ServiceDepoInterface.go:17.89,20.19 2 0
eco_points/mocks/ServiceDepoInterface.go:20.19,21.54 1 0
eco_points/mocks/ServiceDepoInterface.go:24.2,25.75 2 0
eco_points/mocks/ServiceDepoInterface.go:25.75,27.3 1 0
eco_points/mocks/ServiceDepoInterface.go:27.8,29.3 1 0
eco_points/mocks/ServiceDepoInterface.go:31.2,31.11 1 0
eco_points/mocks/ServiceDepoInterface.go:35.105,38.19 2 0
eco_points/mocks/ServiceDepoInterface.go:38.19,39.56 1 0
eco_points/mocks/ServiceDepoInterface.go:42.2,44.83 3 0
eco_points/mocks/ServiceDepoInterface.go:44.83,46.3 1 0
eco_points/mocks/ServiceDepoInterface.go:47.2,47.74 1 0
eco_points/mocks/ServiceDepoInterface.go:47.74,49.3 1 0
eco_points/mocks/ServiceDepoInterface.go:49.8,51.3 1 0
eco_points/mocks/ServiceDepoInterface.go:53.2,53.49 1 0
eco_points/mocks/ServiceDepoInterface.go:53.49,55.3 1 0
eco_points/mocks/ServiceDepoInterface.go:55.8,57.3 1 0
eco_points/mocks/ServiceDepoInterface.go:59.2,59.15 1 0
eco_points/mocks/ServiceDepoInterface.go:63.141,66.19 2 0
eco_points/mocks/ServiceDepoInterface.go:66.19,67.56 1 0
eco_points/mocks/ServiceDepoInterface.go:70.2,72.105 3 0
eco_points/mocks/ServiceDepoInterface.go:72.105,74.3 1 0
eco_points/mocks/ServiceDepoInterface.go:75.2,75.96 1 0
eco_points/mocks/ServiceDepoInterface.go:75.96,77.3 1 0
eco_points/mocks/ServiceDepoInterface.go:77.8,78.24 1 0
eco_points/mocks/ServiceDepoInterface.go:78.24,80.4 1 0
eco_points/mocks/ServiceDepoInterface.go:83.2,83.67 1 0
eco_points/mocks/ServiceDepoInterface.go:83.67,85.3 1 0
eco_points/mocks/ServiceDepoInterface.go:85.8,87.3 1 0
eco_points/mocks/ServiceDepoInterface.go:89.2,89.15 1 0
eco_points/mocks/ServiceDepoInterface.go:93.94,96.19 2 0
eco_points/mocks/ServiceDepoInterface.go:96.19,97.66 1 0
eco_points/mocks/ServiceDepoInterface.go:100.2,101.57 2 0
eco_points/mocks/ServiceDepoInterface.go:101.57,103.3 1 0
eco_points/mocks/ServiceDepoInterface.go:103.8,105.3 1 0
eco_points/mocks/ServiceDepoInterface.go:107.2,107.11 1 0
eco_points/mocks/ServiceDepoInterface.go:115.26,119.19 3 0
eco_points/mocks/ServiceDepoInterface.go:119.19,119.49 1 0
eco_points/mocks/ServiceDepoInterface.go:121.2,121.13 1 0
eco_points/mocks/ServiceInterface.go:17.85,20.19 2 0
eco_points/mocks/ServiceInterface.go:20.19,21.54 1 0
eco_points/mocks/ServiceInterface.go:24.2,25.75 2 0
eco_points/mocks/ServiceInterface.go:25.75,27.3 1 0
eco_points/mocks/ServiceInterface.go:27.8,29.3 1 0
eco_points/mocks/ServiceInterface.go:31.2,31.11 1 0
eco_points/mocks/ServiceInterface.go:35.122,38.19 2 0
eco_points/mocks/ServiceInterface.go:38.19,39.56 1 0
eco_points/mocks/ServiceInterface.go:42.2,44.99 3 0
eco_points/mocks/ServiceInterface.go:44.99,46.3 1 0
eco_points/mocks/ServiceInterface.go:47.2,47.90 1 0
eco_points/mocks/ServiceInterface.go:47.90,49.3 1 0
eco_points/mocks/ServiceInterface.go:49.8,50.24 1 0
eco_points/mocks/ServiceInterface.go:50.24,52.4 1 0
eco_points/mocks/ServiceInterface.go:55.2,55.61 1 0
eco_points/mocks/ServiceInterface.go:55.61,57.3 1 0
eco_points/mocks/ServiceInterface.go:57.8,59.3 1 0
eco_points/mocks/ServiceInterface.go:61.2,61.15 1 0
eco_points/mocks/ServiceInterface.go:65.90,68.19 2 0
eco_points/mocks/ServiceInterface.go:68.19,69.66 1 0
eco_points/mocks/ServiceInterface.go:72.2,73.57 2 0
eco_points/mocks/ServiceInterface.go:73.57,75.3 1 0
eco_points/mocks/ServiceInterface.go:75.8,77.3 1 0
eco_points/mocks/ServiceInterface.go:79.2,79.11 1 0
eco_points/mocks/ServiceInterface.go:87.22,91.19 3 0
eco_points/mocks/ServiceInterface.go:91.19,91.49 1 0
eco_points/mocks/ServiceInterface.go:93.2,93.13 1 0
eco_points/mocks/ServiceLocInterface.go:17.84,20.19 2 0
eco_points/mocks/ServiceLocInterface.go:20.19,21.53 1 0
eco_points/mocks/ServiceLocInterface.go:24.2,25.72 2 0
eco_points/mocks/ServiceLocInterface.go:25.72,27.3 1 0
eco_points/mocks/ServiceLocInterface.go:27.8,29.3 1 0
eco_points/mocks/ServiceLocInterface.go:31.2,31.11 1 0
eco_points/mocks/ServiceLocInterface.go:35.95,38.19 2 0
eco_points/mocks/ServiceLocInterface.go:38.19,39.53 1 0
eco_points/mocks/ServiceLocInterface.go:42.2,44.82 3 0
eco_points/mocks/ServiceLocInterface.go:44.82,46.3 1 0
eco_points/mocks/ServiceLocInterface.go:47.2,47.73 1 0
eco_points/mocks/ServiceLocInterface.go:47.73,49.3 1 0
eco_points/mocks/ServiceLocInterface.go:49.8,50.24 1 0
eco_points/mocks/ServiceLocInterface.go:50.24,52.4 1 0
eco_points/mocks/ServiceLocInterface.go:55.2,55.49 1 0
eco_points/mocks/ServiceLocInterface.go:55.49,57.3 1 0
eco_points/mocks/ServiceLocInterface.go:57.8,59.3 1 0
eco_points/mocks/ServiceLocInterface.go:61.2,61.15 1 0
eco_points/mocks/ServiceLocInterface.go:69.25,73.19 3 0
eco_points/mocks/ServiceLocInterface.go:73.19,73.49 1 0
eco_points/mocks/ServiceLocInterface.go:75.2,75.13 1 0
eco_points/mocks/ServiceTrashInterface.go:19.104,22.19 2 0
eco_points/mocks/ServiceTrashInterface.go:22.19,23.50 1 0
eco_points/mocks/ServiceTrashInterface.go:26.2,27.87 2 0
eco_points/mocks/ServiceTrashInterface.go:27.87,29.3 1 0
eco_points/mocks/ServiceTrashInterface.go:29.8,31.3 1 0
eco_points/mocks/ServiceTrashInterface.go:33.2,33.11 1 0
eco_points/mocks/ServiceTrashInterface.go:37.61,40.19 2 0
eco_points/mocks/ServiceTrashInterface.go:40.19,41.53 1 0
eco_points/mocks/ServiceTrashInterface.go:44.2,45.49 2 0
eco_points/mocks/ServiceTrashInterface.go:45.49,47.3 1 0
eco_points/mocks/ServiceTrashInterface.go:47.8,49.3 1 0
eco_points/mocks/ServiceTrashInterface.go:51.2,51.11 1 0
eco_points/mocks/ServiceTrashInterface.go:55.90,58.19 2 0
eco_points/mocks/ServiceTrashInterface.go:58.19,59.50 1 0
eco_points/mocks/ServiceTrashInterface.go:62.2,64.78 3 0
eco_points/mocks/ServiceTrashInterface.go:64.78,66.3 1 0
eco_points/mocks/ServiceTrashInterface.go:67.2,67.69 1 0
eco_points/mocks/ServiceTrashInterface.go:67.69,69.3 1 0
eco_points/mocks/ServiceTrashInterface.go:69.8,70.24 1 0
eco_points/mocks/ServiceTrashInterface.go:70.24,72.4 1 0
eco_points/mocks/ServiceTrashInterface.go:75.2,75.51 1 0
eco_points/mocks/ServiceTrashInterface.go:75.51,77.3 1 0
eco_points/mocks/ServiceTrashInterface.go:77.8,79.3 1 0
eco_points/mocks/ServiceTrashInterface.go:81.2,81.15 1 0
eco_points/mocks/ServiceTrashInterface.go:85.87,88.19 2 0
eco_points/mocks/ServiceTrashInterface.go:88.19,89.53 1 0
eco_points/mocks/ServiceTrashInterface.go:92.2,93.70 2 0
eco_points/mocks/ServiceTrashInterface.go:93.70,95.3 1 0
eco_points/mocks/ServiceTrashInterface.go:95.8,97.3 1 0
eco_points/mocks/ServiceTrashInterface.go:99.2,99.11 1 0
eco_points/mocks/ServiceTrashInterface.go:107.27,111.19 3 0
eco_points/mocks/ServiceTrashInterface.go:111.19,111.49 1 0
eco_points/mocks/ServiceTrashInterface.go:113.2,113.13 1 0
eco_points/mocks/UHandler.go:16.51,19.19 2 0
eco_points/mocks/UHandler.go:19.19,20.52 1 0
eco_points/mocks/UHandler.go:23.2,24.56 2 0
eco_points/mocks/UHandler.go:24.56,26.3 1 0
eco_points/mocks/UHandler.go:26.8,27.24 1 0
eco_points/mocks/UHandler.go:27.24,29.4 1 0
eco_points/mocks/UHandler.go:32.2,32.11 1 0
eco_points/mocks/UHandler.go:36.48,39.19 2 0
eco_points/mocks/UHandler.go:39.19,40.49 1 0
eco_points/mocks/UHandler.go:43.2,44.56 2 0
eco_points/mocks/UHandler.go:44.56,46.3 1 0
eco_points/mocks/UHandler.go:46.8,47.24 1 0
eco_points/mocks/UHandler.go:47.24,49.4 1 0
eco_points/mocks/UHandler.go:52.2,52.11 1 0
eco_points/mocks/UHandler.go:56.46,59.19 2 0
eco_points/mocks/UHandler.go:59.19,60.47 1 0
eco_points/mocks/UHandler.go:63.2,64.56 2 0
eco_points/mocks/UHandler.go:64.56,66.3 1 0
eco_points/mocks/UHandler.go:66.8,67.24 1 0
eco_points/mocks/UHandler.go:67.24,69.4 1 0
eco_points/mocks/UHandler.go:72.2,72.11 1 0
eco_points/mocks/UHandler.go:76.49,79.19 2 0
eco_points/mocks/UHandler.go:79.19,80.50 1 0
eco_points/mocks/UHandler.go:83.2,84.56 2 0
eco_points/mocks/UHandler.go:84.56,86.3 1 0
eco_points/mocks/UHandler.go:86.8,87.24 1 0
eco_points/mocks/UHandler.go:87.24,89.4 1 0
eco_points/mocks/UHandler.go:92.2,92.11 1 0
eco_points/mocks/UHandler.go:96.51,99.19 2 0
eco_points/mocks/UHandler.go:99.19,100.52 1 0
eco_points/mocks/UHandler.go:103.2,104.56 2 0
eco_points/mocks/UHandler.go:104.56,106.3 1 0
eco_points/mocks/UHandler.go:106.8,107.24 1 0
eco_points/mocks/UHandler.go:107.24,109.4 1 0
eco_points/mocks/UHandler.go:112.2,112.11 1 0
eco_points/mocks/UHandler.go:120.14,124.19 3 0
eco_points/mocks/UHandler.go:124.19,124.49 1 0
eco_points/mocks/UHandler.go:126.2,126.13 1 0
eco_points/mocks/UQuery.go:17.45,20.19 2 0
eco_points/mocks/UQuery.go:20.19,21.52 1 0
eco_points/mocks/UQuery.go:24.2,25.49 2 0
eco_points/mocks/UQuery.go:25.49,27.3 1 0
eco_points/mocks/UQuery.go:27.8,29.3 1 0
eco_points/mocks/UQuery.go:31.2,31.11 1 0
eco_points/mocks/UQuery.go:35.56,38.19 2 0
eco_points/mocks/UQuery.go:38.19,39.49 1 0
eco_points/mocks/UQuery.go:42.2,44.63 3 0
eco_points/mocks/UQuery.go:44.63,46.3 1 0
eco_points/mocks/UQuery.go:47.2,47.54 1 0
eco_points/mocks/UQuery.go:47.54,49.3 1 0
eco_points/mocks/UQuery.go:49.8,51.3 1 0
eco_points/mocks/UQuery.go:53.2,53.49 1 0
eco_points/mocks/UQuery.go:53.49,55.3 1 0
eco_points/mocks/UQuery.go:55.8,57.3 1 0
eco_points/mocks/UQuery.go:59.2,59.15 1 0
eco_points/mocks/UQuery.go:63.59,66.19 2 0
eco_points/mocks/UQuery.go:66.19,67.47 1 0
eco_points/mocks/UQuery.go:70.2,72.65 3 0
eco_points/mocks/UQuery.go:72.65,74.3 1 0
eco_points/mocks/UQuery.go:75.2,75.56 1 0
eco_points/mocks/UQuery.go:75.56,77.3 1 0
eco_points/mocks/UQuery.go:77.8,79.3 1 0
eco_points/mocks/UQuery.go:81.2,81.51 1 0
eco_points/mocks/UQuery.go:81.51,83.3 1 0
eco_points/mocks/UQuery.go:83.8,85.3 1 0
eco_points/mocks/UQuery.go:87.2,87.15 1 0
eco_points/mocks/UQuery.go:91.55,94.19 2 0
eco_points/mocks/UQuery.go:94.19,95.50 1 0
eco_points/mocks/UQuery.go:98.2,99.55 2 0
eco_points/mocks/UQuery.go:99.55,101.3 1 0
eco_points/mocks/UQuery.go:101.8,103.3 1 0
eco_points/mocks/UQuery.go:105.2,105.11 1 0
eco_points/mocks/UQuery.go:109.68,112.19 2 0
eco_points/mocks/UQuery.go:112.19,113.52 1 0
eco_points/mocks/UQuery.go:116.2,117.61 2 0
eco_points/mocks/UQuery.go:117.61,119.3 1 0
eco_points/mocks/UQuery.go:119.8,121.3 1 0
eco_points/mocks/UQuery.go:123.2,123.11 1 0
eco_points/mocks/UQuery.go:131.12,135.19 3 0
eco_points/mocks/UQuery.go:135.19,135.49 1 0
eco_points/mocks/UQuery.go:137.2,137.13 1 0
eco_points/mocks/UService.go:19.47,22.19 2 0
eco_points/mocks/UService.go:22.19,23.52 1 0
eco_points/mocks/UService.go:26.2,27.49 2 0
eco_points/mocks/UService.go:27.49,29.3 1 0
eco_points/mocks/UService.go:29.8,31.3 1 0
eco_points/mocks/UService.go:33.2,33.11 1 0
eco_points/mocks/UService.go:37.58,40.19 2 0
eco_points/mocks/UService.go:40.19,41.49 1 0
eco_points/mocks/UService.go:44.2,46.63 3 0
eco_points/mocks/UService.go:46.63,48.3 1 0
eco_points/mocks/UService.go:49.2,49.54 1 0
eco_points/mocks/UService.go:49.54,51.3 1 0
eco_points/mocks/UService.go:51.8,53.3 1 0
eco_points/mocks/UService.go:55.2,55.49 1 0
eco_points/mocks/UService.go:55.49,57.3 1 0
eco_points/mocks/UService.go:57.8,59.3 1 0
eco_points/mocks/UService.go:61.2,61.15 1 0
eco_points/mocks/UService.go:65.86,68.19 2 0
eco_points/mocks/UService.go:68.19,69.47 1 0
eco_points/mocks/UService.go:72.2,75.81 4 0
eco_points/mocks/UService.go:75.81,77.3 1 0
eco_points/mocks/UService.go:78.2,78.64 1 0
eco_points/mocks/UService.go:78.64,80.3 1 0
eco_points/mocks/UService.go:80.8,82.3 1 0
eco_points/mocks/UService.go:84.2,84.60 1 0
eco_points/mocks/UService.go:84.60,86.3 1 0
eco_points/mocks/UService.go:86.8,88.3 1 0
eco_points/mocks/UService.go:90.2,90.59 1 0
eco_points/mocks/UService.go:90.59,92.3 1 0
eco_points/mocks/UService.go:92.8,94.3 1 0
eco_points/mocks/UService.go:96.2,96.19 1 0
eco_points/mocks/UService.go:100.56,103.19 2 0
eco_points/mocks/UService.go:103.19,104.50 1 0
eco_points/mocks/UService.go:107.2,108.55 2 0
eco_points/mocks/UService.go:108.55,110.3 1 0
eco_points/mocks/UService.go:110.8,112.3 1 0
eco_points/mocks/UService.go:114.2,114.11 1 0
eco_points/mocks/UService.go:118.98,121.19 2 0
eco_points/mocks/UService.go:121.19,122.52 1 0
eco_points/mocks/UService.go:125.2,126.84 2 0
eco_points/mocks/UService.go:126.84,128.3 1 0
eco_points/mocks/UService.go:128.8,130.3 1 0
eco_points/mocks/UService.go:132.2,132.11 1 0
eco_points/mocks/UService.go:140.14,144.19 3 0
eco_points/mocks/UService.go:144.19,144.49 1 0
eco_points/mocks/UService.go:146.2,146.13 1 0
