mode: set
eco_points/internal/features/feedbacks/service/service.go:12.65,16.2 1 1
eco_points/internal/features/feedbacks/service/service.go:18.79,20.16 2 1
eco_points/internal/features/feedbacks/service/service.go:20.16,22.3 1 1
eco_points/internal/features/feedbacks/service/service.go:23.2,23.12 1 1
eco_points/internal/features/feedbacks/service/service.go:26.103,28.16 2 1
eco_points/internal/features/feedbacks/service/service.go:28.16,30.3 1 1
eco_points/internal/features/feedbacks/service/service.go:31.2,31.12 1 1
eco_points/internal/features/feedbacks/service/service.go:34.67,36.16 2 1
eco_points/internal/features/feedbacks/service/service.go:36.16,38.3 1 1
eco_points/internal/features/feedbacks/service/service.go:39.2,39.12 1 1
eco_points/internal/features/feedbacks/service/service.go:42.90,44.16 2 1
eco_points/internal/features/feedbacks/service/service.go:44.16,46.3 1 1
eco_points/internal/features/feedbacks/service/service.go:47.2,47.22 1 1
eco_points/internal/features/feedbacks/service/service.go:50.103,52.16 2 1
eco_points/internal/features/feedbacks/service/service.go:52.16,54.3 1 1
eco_points/internal/features/feedbacks/service/service.go:55.2,55.35 1 1
eco_points/internal/features/excelize/service/service.go:14.90,18.2 1 1
eco_points/internal/features/excelize/service/service.go:20.113,22.16 2 1
eco_points/internal/features/excelize/service/service.go:22.16,24.17 2 1
eco_points/internal/features/excelize/service/service.go:24.17,25.66 1 0
eco_points/internal/features/excelize/service/service.go:25.66,27.5 1 0
eco_points/internal/features/excelize/service/service.go:29.3,29.17 1 1
eco_points/internal/features/excelize/service/service.go:32.2,32.16 1 1
eco_points/internal/features/excelize/service/service.go:32.16,34.65 1 1
eco_points/internal/features/excelize/service/service.go:34.65,36.4 1 1
eco_points/internal/features/excelize/service/service.go:38.2,38.18 1 1
eco_points/internal/features/excelize/service/service.go:41.55,43.16 2 1
eco_points/internal/features/excelize/service/service.go:43.16,46.3 2 1
eco_points/internal/features/excelize/service/service.go:47.2,47.12 1 0
eco_points/internal/features/exchanges/service/service.go:13.67,17.2 1 1
eco_points/internal/features/exchanges/service/service.go:19.79,21.16 2 1
eco_points/internal/features/exchanges/service/service.go:21.16,23.3 1 1
eco_points/internal/features/exchanges/service/service.go:24.2,24.12 1 1
eco_points/internal/features/exchanges/service/service.go:27.130,29.16 2 1
eco_points/internal/features/exchanges/service/service.go:29.16,33.3 2 1
eco_points/internal/features/exchanges/service/service.go:34.2,34.20 1 1
eco_points/internal/features/locations/service/service.go:12.81,16.2 1 1
eco_points/internal/features/locations/service/service.go:18.74,20.16 2 1
eco_points/internal/features/locations/service/service.go:20.16,23.3 2 1
eco_points/internal/features/locations/service/service.go:24.2,24.12 1 1
eco_points/internal/features/locations/service/service.go:27.85,31.16 4 1
eco_points/internal/features/locations/service/service.go:31.16,34.3 2 1
eco_points/internal/features/locations/service/service.go:36.2,36.20 1 1
eco_points/internal/features/dashboards/service/service.go:16.71,20.2 1 1
eco_points/internal/features/dashboards/service/service.go:22.86,26.16 3 1
eco_points/internal/features/dashboards/service/service.go:26.16,27.52 1 1
eco_points/internal/features/dashboards/service/service.go:27.52,30.4 1 0
eco_points/internal/features/dashboards/service/service.go:31.3,31.59 1 1
eco_points/internal/features/dashboards/service/service.go:34.2,34.14 1 1
eco_points/internal/features/dashboards/service/service.go:34.14,36.3 1 1
eco_points/internal/features/dashboards/service/service.go:38.2,39.16 2 1
eco_points/internal/features/dashboards/service/service.go:39.16,40.52 1 1
eco_points/internal/features/dashboards/service/service.go:40.52,42.4 1 1
eco_points/internal/features/dashboards/service/service.go:45.2,46.16 2 1
eco_points/internal/features/dashboards/service/service.go:46.16,47.52 1 1
eco_points/internal/features/dashboards/service/service.go:47.52,49.4 1 1
eco_points/internal/features/dashboards/service/service.go:52.2,53.16 2 1
eco_points/internal/features/dashboards/service/service.go:53.16,54.52 1 1
eco_points/internal/features/dashboards/service/service.go:54.52,56.4 1 1
eco_points/internal/features/dashboards/service/service.go:59.2,59.20 1 1
eco_points/internal/features/dashboards/service/service.go:62.101,66.16 3 1
eco_points/internal/features/dashboards/service/service.go:66.16,67.52 1 1
eco_points/internal/features/dashboards/service/service.go:67.52,70.4 1 0
eco_points/internal/features/dashboards/service/service.go:71.3,71.56 1 1
eco_points/internal/features/dashboards/service/service.go:74.2,74.14 1 1
eco_points/internal/features/dashboards/service/service.go:74.14,76.3 1 1
eco_points/internal/features/dashboards/service/service.go:78.2,80.16 3 1
eco_points/internal/features/dashboards/service/service.go:80.16,81.52 1 1
eco_points/internal/features/dashboards/service/service.go:81.52,83.4 1 0
eco_points/internal/features/dashboards/service/service.go:84.3,84.56 1 1
eco_points/internal/features/dashboards/service/service.go:88.2,88.20 1 1
eco_points/internal/features/dashboards/service/service.go:91.91,94.16 2 1
eco_points/internal/features/dashboards/service/service.go:94.16,95.52 1 1
eco_points/internal/features/dashboards/service/service.go:95.52,97.4 1 0
eco_points/internal/features/dashboards/service/service.go:98.3,98.66 1 1
eco_points/internal/features/dashboards/service/service.go:100.2,100.14 1 1
eco_points/internal/features/dashboards/service/service.go:100.14,102.3 1 1
eco_points/internal/features/dashboards/service/service.go:104.2,105.16 2 1
eco_points/internal/features/dashboards/service/service.go:105.16,106.52 1 1
eco_points/internal/features/dashboards/service/service.go:106.52,108.4 1 1
eco_points/internal/features/dashboards/service/service.go:109.3,109.54 1 1
eco_points/internal/features/dashboards/service/service.go:113.2,113.20 1 1
eco_points/internal/features/dashboards/service/service.go:116.96,119.16 2 1
eco_points/internal/features/dashboards/service/service.go:119.16,120.52 1 1
eco_points/internal/features/dashboards/service/service.go:120.52,122.4 1 0
eco_points/internal/features/dashboards/service/service.go:123.3,123.47 1 1
eco_points/internal/features/dashboards/service/service.go:126.2,126.14 1 1
eco_points/internal/features/dashboards/service/service.go:126.14,128.3 1 1
eco_points/internal/features/dashboards/service/service.go:130.2,131.16 2 1
eco_points/internal/features/dashboards/service/service.go:131.16,132.52 1 1
eco_points/internal/features/dashboards/service/service.go:132.52,134.4 1 1
eco_points/internal/features/dashboards/service/service.go:135.3,135.35 1 1
eco_points/internal/features/dashboards/service/service.go:139.2,139.12 1 1
eco_points/internal/features/dashboards/service/service.go:142.138,145.16 2 1
eco_points/internal/features/dashboards/service/service.go:145.16,146.52 1 0
eco_points/internal/features/dashboards/service/service.go:146.52,148.4 1 0
eco_points/internal/features/dashboards/service/service.go:149.3,149.72 1 0
eco_points/internal/features/dashboards/service/service.go:151.2,151.14 1 1
eco_points/internal/features/dashboards/service/service.go:151.14,153.3 1 1
eco_points/internal/features/dashboards/service/service.go:155.2,156.22 2 1
eco_points/internal/features/dashboards/service/service.go:156.22,158.3 1 0
eco_points/internal/features/dashboards/service/service.go:159.2,159.20 1 1
eco_points/internal/features/dashboards/service/service.go:159.20,161.3 1 0
eco_points/internal/features/dashboards/service/service.go:163.2,163.21 1 1
eco_points/internal/features/dashboards/service/service.go:163.21,168.3 3 1
eco_points/internal/features/dashboards/service/service.go:170.2,170.22 1 1
eco_points/internal/features/dashboards/service/service.go:170.22,173.3 2 1
eco_points/internal/features/dashboards/service/service.go:174.2,175.16 2 1
eco_points/internal/features/dashboards/service/service.go:175.16,176.52 1 1
eco_points/internal/features/dashboards/service/service.go:176.52,178.4 1 0
eco_points/internal/features/dashboards/service/service.go:179.3,179.60 1 1
eco_points/internal/features/dashboards/service/service.go:183.2,183.20 1 1
eco_points/internal/features/dashboards/service/service.go:186.125,189.16 2 1
eco_points/internal/features/dashboards/service/service.go:189.16,190.52 1 0
eco_points/internal/features/dashboards/service/service.go:190.52,192.4 1 0
eco_points/internal/features/dashboards/service/service.go:193.3,193.78 1 0
eco_points/internal/features/dashboards/service/service.go:195.2,195.14 1 1
eco_points/internal/features/dashboards/service/service.go:195.14,197.3 1 1
eco_points/internal/features/dashboards/service/service.go:199.2,201.21 2 1
eco_points/internal/features/dashboards/service/service.go:201.21,206.3 3 1
eco_points/internal/features/dashboards/service/service.go:208.2,208.22 1 1
eco_points/internal/features/dashboards/service/service.go:208.22,211.3 2 1
eco_points/internal/features/dashboards/service/service.go:213.2,214.16 2 1
eco_points/internal/features/dashboards/service/service.go:214.16,215.52 1 1
eco_points/internal/features/dashboards/service/service.go:215.52,217.4 1 0
eco_points/internal/features/dashboards/service/service.go:218.3,218.66 1 1
eco_points/internal/features/dashboards/service/service.go:222.2,222.27 1 1
eco_points/internal/features/dashboards/service/service.go:222.27,224.17 2 1
eco_points/internal/features/dashboards/service/service.go:224.17,225.53 1 0
eco_points/internal/features/dashboards/service/service.go:225.53,227.5 1 0
eco_points/internal/features/dashboards/service/service.go:228.4,228.67 1 0
eco_points/internal/features/dashboards/service/service.go:234.2,234.20 1 1
eco_points/internal/features/dashboards/service/service.go:237.82,239.24 1 1
eco_points/internal/features/dashboards/service/service.go:239.24,242.3 1 1
eco_points/internal/features/dashboards/service/service.go:244.2,245.16 2 1
eco_points/internal/features/dashboards/service/service.go:245.16,246.52 1 0
eco_points/internal/features/dashboards/service/service.go:246.52,248.4 1 0
eco_points/internal/features/dashboards/service/service.go:249.3,249.47 1 0
eco_points/internal/features/dashboards/service/service.go:252.2,252.14 1 1
eco_points/internal/features/dashboards/service/service.go:252.14,254.3 1 1
eco_points/internal/features/dashboards/service/service.go:256.2,257.16 2 1
eco_points/internal/features/dashboards/service/service.go:257.16,258.52 1 1
eco_points/internal/features/dashboards/service/service.go:258.52,260.4 1 0
eco_points/internal/features/dashboards/service/service.go:261.3,261.35 1 1
eco_points/internal/features/dashboards/service/service.go:265.2,265.12 1 1
eco_points/internal/features/rewards/service/service.go:15.95,20.2 1 1
eco_points/internal/features/rewards/service/service.go:22.119,24.28 2 1
eco_points/internal/features/rewards/service/service.go:24.28,26.3 1 1
eco_points/internal/features/rewards/service/service.go:29.2,30.16 2 1
eco_points/internal/features/rewards/service/service.go:30.16,32.3 1 1
eco_points/internal/features/rewards/service/service.go:33.2,36.16 3 1
eco_points/internal/features/rewards/service/service.go:36.16,38.3 1 0
eco_points/internal/features/rewards/service/service.go:39.2,39.12 1 1
eco_points/internal/features/rewards/service/service.go:42.141,44.28 2 1
eco_points/internal/features/rewards/service/service.go:44.28,46.3 1 1
eco_points/internal/features/rewards/service/service.go:48.2,48.16 1 1
eco_points/internal/features/rewards/service/service.go:48.16,51.17 2 1
eco_points/internal/features/rewards/service/service.go:51.17,53.4 1 1
eco_points/internal/features/rewards/service/service.go:54.3,54.33 1 1
eco_points/internal/features/rewards/service/service.go:57.2,58.16 2 1
eco_points/internal/features/rewards/service/service.go:58.16,60.3 1 0
eco_points/internal/features/rewards/service/service.go:61.2,61.12 1 1
eco_points/internal/features/rewards/service/service.go:64.74,66.28 2 1
eco_points/internal/features/rewards/service/service.go:66.28,68.3 1 1
eco_points/internal/features/rewards/service/service.go:70.2,71.16 2 1
eco_points/internal/features/rewards/service/service.go:71.16,73.3 1 1
eco_points/internal/features/rewards/service/service.go:74.2,74.12 1 1
eco_points/internal/features/rewards/service/service.go:77.80,79.16 2 1
eco_points/internal/features/rewards/service/service.go:79.16,81.3 1 1
eco_points/internal/features/rewards/service/service.go:82.2,82.20 1 1
eco_points/internal/features/rewards/service/service.go:85.110,87.16 2 1
eco_points/internal/features/rewards/service/service.go:87.16,89.3 1 1
eco_points/internal/features/rewards/service/service.go:90.2,90.33 1 1
eco_points/internal/features/users/service/service.go:21.144,28.2 1 1
eco_points/internal/features/users/service/service.go:30.60,34.16 2 1
eco_points/internal/features/users/service/service.go:34.16,37.3 2 1
eco_points/internal/features/users/service/service.go:38.2,44.16 5 1
eco_points/internal/features/users/service/service.go:44.16,47.3 2 1
eco_points/internal/features/users/service/service.go:49.2,49.12 1 1
eco_points/internal/features/users/service/service.go:52.90,55.16 2 1
eco_points/internal/features/users/service/service.go:55.16,58.3 2 1
eco_points/internal/features/users/service/service.go:61.2,62.16 2 1
eco_points/internal/features/users/service/service.go:62.16,65.3 2 1
eco_points/internal/features/users/service/service.go:68.2,69.16 2 1
eco_points/internal/features/users/service/service.go:69.16,72.3 2 1
eco_points/internal/features/users/service/service.go:74.2,74.27 1 1
eco_points/internal/features/users/service/service.go:77.62,80.16 2 1
eco_points/internal/features/users/service/service.go:80.16,81.52 1 1
eco_points/internal/features/users/service/service.go:81.52,83.4 1 1
eco_points/internal/features/users/service/service.go:84.3,84.52 1 1
eco_points/internal/features/users/service/service.go:87.2,87.20 1 1
eco_points/internal/features/users/service/service.go:90.102,92.31 1 1
eco_points/internal/features/users/service/service.go:92.31,94.17 2 1
eco_points/internal/features/users/service/service.go:94.17,97.4 2 1
eco_points/internal/features/users/service/service.go:98.3,98.39 1 1
eco_points/internal/features/users/service/service.go:100.2,100.17 1 1
eco_points/internal/features/users/service/service.go:100.17,102.17 2 1
eco_points/internal/features/users/service/service.go:102.17,104.4 1 1
eco_points/internal/features/users/service/service.go:106.3,107.17 2 1
eco_points/internal/features/users/service/service.go:107.17,109.4 1 1
eco_points/internal/features/users/service/service.go:110.3,110.31 1 1
eco_points/internal/features/users/service/service.go:113.2,115.16 2 1
eco_points/internal/features/users/service/service.go:115.16,118.3 2 1
eco_points/internal/features/users/service/service.go:120.2,120.12 1 1
eco_points/internal/features/users/service/service.go:123.51,126.16 2 1
eco_points/internal/features/users/service/service.go:126.16,129.3 2 1
eco_points/internal/features/users/service/service.go:131.2,131.12 1 1
eco_points/internal/features/waste_deposits/service/service.go:16.118,21.2 1 1
eco_points/internal/features/waste_deposits/service/service.go:23.82,25.16 2 1
eco_points/internal/features/waste_deposits/service/service.go:25.16,28.3 2 1
eco_points/internal/features/waste_deposits/service/service.go:29.2,29.12 1 1
eco_points/internal/features/waste_deposits/service/service.go:32.86,34.16 2 1
eco_points/internal/features/waste_deposits/service/service.go:34.16,37.3 2 0
eco_points/internal/features/waste_deposits/service/service.go:38.2,39.16 2 1
eco_points/internal/features/waste_deposits/service/service.go:39.16,42.3 2 1
eco_points/internal/features/waste_deposits/service/service.go:43.2,44.56 2 1
eco_points/internal/features/waste_deposits/service/service.go:44.56,46.3 1 1
eco_points/internal/features/waste_deposits/service/service.go:46.8,48.3 1 1
eco_points/internal/features/waste_deposits/service/service.go:49.2,50.16 2 1
eco_points/internal/features/waste_deposits/service/service.go:50.16,53.3 2 1
eco_points/internal/features/waste_deposits/service/service.go:54.2,54.12 1 1
eco_points/internal/features/waste_deposits/service/service.go:57.134,59.16 2 1
eco_points/internal/features/waste_deposits/service/service.go:59.16,62.3 2 1
eco_points/internal/features/waste_deposits/service/service.go:63.2,63.20 1 1
eco_points/internal/features/waste_deposits/service/service.go:66.98,68.16 2 1
eco_points/internal/features/waste_deposits/service/service.go:68.16,71.3 2 1
eco_points/internal/features/waste_deposits/service/service.go:72.2,72.20 1 1
