mode: set
eco_points/internal/features/feedbacks/service/service.go:12.65,16.2 1 1
eco_points/internal/features/feedbacks/service/service.go:18.79,20.16 2 1
eco_points/internal/features/feedbacks/service/service.go:20.16,22.3 1 1
eco_points/internal/features/feedbacks/service/service.go:23.2,23.12 1 1
eco_points/internal/features/feedbacks/service/service.go:26.103,28.16 2 1
eco_points/internal/features/feedbacks/service/service.go:28.16,30.3 1 1
eco_points/internal/features/feedbacks/service/service.go:31.2,31.12 1 1
eco_points/internal/features/feedbacks/service/service.go:34.67,36.16 2 1
eco_points/internal/features/feedbacks/service/service.go:36.16,38.3 1 1
eco_points/internal/features/feedbacks/service/service.go:39.2,39.12 1 1
eco_points/internal/features/feedbacks/service/service.go:42.90,44.16 2 1
eco_points/internal/features/feedbacks/service/service.go:44.16,46.3 1 1
eco_points/internal/features/feedbacks/service/service.go:47.2,47.22 1 1
eco_points/internal/features/feedbacks/service/service.go:50.103,52.16 2 1
eco_points/internal/features/feedbacks/service/service.go:52.16,54.3 1 1
eco_points/internal/features/feedbacks/service/service.go:55.2,55.35 1 1
eco_points/internal/features/excelize/service/service.go:14.90,18.2 1 1
eco_points/internal/features/excelize/service/service.go:20.113,22.16 2 1
eco_points/internal/features/excelize/service/service.go:22.16,24.17 2 1
eco_points/internal/features/excelize/service/service.go:24.17,25.66 1 0
eco_points/internal/features/excelize/service/service.go:25.66,27.5 1 0
eco_points/internal/features/excelize/service/service.go:29.3,29.17 1 1
eco_points/internal/features/excelize/service/service.go:32.2,32.16 1 1
eco_points/internal/features/excelize/service/service.go:32.16,34.65 1 1
eco_points/internal/features/excelize/service/service.go:34.65,36.4 1 1
eco_points/internal/features/excelize/service/service.go:38.2,38.18 1 1
eco_points/internal/features/excelize/service/service.go:41.55,43.16 2 1
eco_points/internal/features/excelize/service/service.go:43.16,46.3 2 1
eco_points/internal/features/excelize/service/service.go:47.2,47.12 1 0
eco_points/internal/features/exchanges/service/service.go:13.67,17.2 1 1
eco_points/internal/features/exchanges/service/service.go:19.79,21.16 2 1
eco_points/internal/features/exchanges/service/service.go:21.16,23.3 1 1
eco_points/internal/features/exchanges/service/service.go:24.2,24.12 1 1
eco_points/internal/features/exchanges/service/service.go:27.130,29.16 2 1
eco_points/internal/features/exchanges/service/service.go:29.16,33.3 2 1
eco_points/internal/features/exchanges/service/service.go:34.2,34.20 1 1
eco_points/internal/features/rewards/service/service.go:15.95,20.2 1 1
eco_points/internal/features/rewards/service/service.go:22.119,24.28 2 1
eco_points/internal/features/rewards/service/service.go:24.28,26.3 1 1
eco_points/internal/features/rewards/service/service.go:29.2,30.16 2 1
eco_points/internal/features/rewards/service/service.go:30.16,32.3 1 1
eco_points/internal/features/rewards/service/service.go:33.2,36.16 3 1
eco_points/internal/features/rewards/service/service.go:36.16,38.3 1 0
eco_points/internal/features/rewards/service/service.go:39.2,39.12 1 1
eco_points/internal/features/rewards/service/service.go:42.141,44.28 2 1
eco_points/internal/features/rewards/service/service.go:44.28,46.3 1 1
eco_points/internal/features/rewards/service/service.go:48.2,48.16 1 1
eco_points/internal/features/rewards/service/service.go:48.16,51.17 2 1
eco_points/internal/features/rewards/service/service.go:51.17,53.4 1 1
eco_points/internal/features/rewards/service/service.go:54.3,54.33 1 1
eco_points/internal/features/rewards/service/service.go:57.2,58.16 2 1
eco_points/internal/features/rewards/service/service.go:58.16,60.3 1 0
eco_points/internal/features/rewards/service/service.go:61.2,61.12 1 1
eco_points/internal/features/rewards/service/service.go:64.74,66.28 2 1
eco_points/internal/features/rewards/service/service.go:66.28,68.3 1 1
eco_points/internal/features/rewards/service/service.go:70.2,71.16 2 1
eco_points/internal/features/rewards/service/service.go:71.16,73.3 1 1
eco_points/internal/features/rewards/service/service.go:74.2,74.12 1 1
eco_points/internal/features/rewards/service/service.go:77.80,79.16 2 1
eco_points/internal/features/rewards/service/service.go:79.16,81.3 1 1
eco_points/internal/features/rewards/service/service.go:82.2,82.20 1 1
eco_points/internal/features/rewards/service/service.go:85.110,87.16 2 1
eco_points/internal/features/rewards/service/service.go:87.16,89.3 1 1
eco_points/internal/features/rewards/service/service.go:90.2,90.33 1 1
eco_points/internal/features/users/service/service.go:21.144,28.2 1 1
eco_points/internal/features/users/service/service.go:30.60,34.16 2 1
eco_points/internal/features/users/service/service.go:34.16,37.3 2 1
eco_points/internal/features/users/service/service.go:38.2,44.16 5 1
eco_points/internal/features/users/service/service.go:44.16,47.3 2 1
eco_points/internal/features/users/service/service.go:49.2,49.12 1 1
eco_points/internal/features/users/service/service.go:52.90,55.16 2 1
eco_points/internal/features/users/service/service.go:55.16,58.3 2 1
eco_points/internal/features/users/service/service.go:61.2,62.16 2 1
eco_points/internal/features/users/service/service.go:62.16,65.3 2 1
eco_points/internal/features/users/service/service.go:68.2,69.16 2 1
eco_points/internal/features/users/service/service.go:69.16,72.3 2 1
eco_points/internal/features/users/service/service.go:74.2,74.27 1 1
eco_points/internal/features/users/service/service.go:77.62,80.16 2 1
eco_points/internal/features/users/service/service.go:80.16,81.52 1 1
eco_points/internal/features/users/service/service.go:81.52,83.4 1 1
eco_points/internal/features/users/service/service.go:84.3,84.52 1 1
eco_points/internal/features/users/service/service.go:87.2,87.20 1 1
eco_points/internal/features/users/service/service.go:90.102,92.31 1 1
eco_points/internal/features/users/service/service.go:92.31,94.17 2 1
eco_points/internal/features/users/service/service.go:94.17,97.4 2 1
eco_points/internal/features/users/service/service.go:98.3,98.39 1 1
eco_points/internal/features/users/service/service.go:100.2,100.17 1 1
eco_points/internal/features/users/service/service.go:100.17,102.17 2 1
eco_points/internal/features/users/service/service.go:102.17,104.4 1 1
eco_points/internal/features/users/service/service.go:106.3,107.17 2 1
eco_points/internal/features/users/service/service.go:107.17,109.4 1 1
eco_points/internal/features/users/service/service.go:110.3,110.31 1 1
eco_points/internal/features/users/service/service.go:113.2,115.16 2 1
eco_points/internal/features/users/service/service.go:115.16,118.3 2 1
eco_points/internal/features/users/service/service.go:120.2,120.12 1 1
eco_points/internal/features/users/service/service.go:123.51,126.16 2 1
eco_points/internal/features/users/service/service.go:126.16,129.3 2 1
eco_points/internal/features/users/service/service.go:131.2,131.12 1 1
